<?xml version="1.0" encoding="UTF-8" ?>
<testsuite failures="0" time="0.074" errors="10" skipped="0" tests="10" name="testcases.persistence.OrmSingleDatabaseTest">
  <properties>
    <property name="java.runtime.name" value="Java(TM) SE Runtime Environment"/>
    <property name="sun.boot.library.path" value="C:\Program Files\Java\jdk1.7.0_67\jre\bin"/>
    <property name="java.vm.version" value="24.65-b04"/>
    <property name="java.vm.vendor" value="Oracle Corporation"/>
    <property name="java.vendor.url" value="http://java.oracle.com/"/>
    <property name="path.separator" value=";"/>
    <property name="guice.disable.misplaced.annotation.check" value="true"/>
    <property name="java.vm.name" value="Java HotSpot(TM) 64-Bit Server VM"/>
    <property name="file.encoding.pkg" value="sun.io"/>
    <property name="user.script" value=""/>
    <property name="user.country" value="US"/>
    <property name="sun.java.launcher" value="SUN_STANDARD"/>
    <property name="sun.os.patch.level" value="Service Pack 1"/>
    <property name="java.vm.specification.name" value="Java Virtual Machine Specification"/>
    <property name="user.dir" value="C:\ProjectServer\RMT2_Fw_Suite\fw_parent\fw_core"/>
    <property name="java.runtime.version" value="1.7.0_67-b01"/>
    <property name="java.awt.graphicsenv" value="sun.awt.Win32GraphicsEnvironment"/>
    <property name="java.endorsed.dirs" value="C:\Program Files\Java\jdk1.7.0_67\jre\lib\endorsed"/>
    <property name="os.arch" value="amd64"/>
    <property name="java.io.tmpdir" value="C:\Users\appdev\AppData\Local\Temp\"/>
    <property name="line.separator" value="
"/>
    <property name="java.vm.specification.vendor" value="Oracle Corporation"/>
    <property name="user.variant" value=""/>
    <property name="os.name" value="Windows 7"/>
    <property name="classworlds.conf" value="C:\tools\apache-maven-3.2.3\bin\m2.conf"/>
    <property name="sun.jnu.encoding" value="Cp1252"/>
    <property name="java.library.path" value="C:\Program Files\Java\jdk1.7.0_67\bin;C:\Windows\Sun\Java\bin;C:\Windows\system32;C:\Windows;C:\Program Files (x86)\AMD APP\bin\x86_64;C:\Program Files (x86)\AMD APP\bin\x86;C:\Windows\system32;C:\Windows;C:\Windows\System32\Wbem;C:\Windows\System32\WindowsPowerShell\v1.0\;C:\Program Files (x86)\ATI Technologies\ATI.ACE\Core-Static;C:\Program Files\Java\jdk1.7.0_67/bin;C:\Program Files\SQL Anywhere 12\bin64;C:\Program Files\SQL Anywhere 12\bin32;C:\Program Files (x86)\Starbase\StarGate SDK\Lib;C:\Program Files (x86)\Starbase\StarGate SDK\Bin;C:\Program Files (x86)\Sybase\SQL Anywhere 8\win32;C:\Program Files (x86)\Sybase\Shared\win32;C:\Program Files (x86)\Sybase\Shared\Sybase Central 4.1;C:\tools\apache-maven-3.2.3\bin;."/>
    <property name="java.specification.name" value="Java Platform API Specification"/>
    <property name="java.class.version" value="51.0"/>
    <property name="sun.management.compiler" value="HotSpot 64-Bit Tiered Compilers"/>
    <property name="os.version" value="6.1"/>
    <property name="user.home" value="C:\Users\appdev"/>
    <property name="user.timezone" value="America/Chicago"/>
    <property name="java.awt.printerjob" value="sun.awt.windows.WPrinterJob"/>
    <property name="java.specification.version" value="1.7"/>
    <property name="file.encoding" value="Cp1252"/>
    <property name="user.name" value="appdev"/>
    <property name="java.class.path" value="C:\tools\apache-maven-3.2.3\boot\plexus-classworlds-2.5.1.jar"/>
    <property name="java.vm.specification.version" value="1.7"/>
    <property name="sun.arch.data.model" value="64"/>
    <property name="java.home" value="C:\Program Files\Java\jdk1.7.0_67\jre"/>
    <property name="sun.java.command" value="org.codehaus.plexus.classworlds.launcher.Launcher install"/>
    <property name="java.specification.vendor" value="Oracle Corporation"/>
    <property name="user.language" value="en"/>
    <property name="awt.toolkit" value="sun.awt.windows.WToolkit"/>
    <property name="java.vm.info" value="mixed mode"/>
    <property name="java.version" value="1.7.0_67"/>
    <property name="java.ext.dirs" value="C:\Program Files\Java\jdk1.7.0_67\jre\lib\ext;C:\Windows\Sun\Java\lib\ext"/>
    <property name="sun.boot.class.path" value="C:\Program Files\Java\jdk1.7.0_67\jre\lib\resources.jar;C:\Program Files\Java\jdk1.7.0_67\jre\lib\rt.jar;C:\Program Files\Java\jdk1.7.0_67\jre\lib\sunrsasign.jar;C:\Program Files\Java\jdk1.7.0_67\jre\lib\jsse.jar;C:\Program Files\Java\jdk1.7.0_67\jre\lib\jce.jar;C:\Program Files\Java\jdk1.7.0_67\jre\lib\charsets.jar;C:\Program Files\Java\jdk1.7.0_67\jre\lib\jfr.jar;C:\Program Files\Java\jdk1.7.0_67\jre\classes"/>
    <property name="java.vendor" value="Oracle Corporation"/>
    <property name="maven.home" value="C:\tools\apache-maven-3.2.3"/>
    <property name="file.separator" value="\"/>
    <property name="java.vendor.url.bug" value="http://bugreport.sun.com/bugreport/"/>
    <property name="sun.cpu.endian" value="little"/>
    <property name="sun.io.unicode.encoding" value="UnicodeLittle"/>
    <property name="sun.desktop" value="windows"/>
    <property name="sun.cpu.isalist" value="amd64"/>
  </properties>
  <testcase time="0.006" classname="testcases.persistence.OrmSingleDatabaseTest" name="testFetch">
    <error message="Unable to create database connection due to the database driver class was not found in classpath" type="com.api.persistence.DatabaseException">com.api.persistence.DatabaseException: Unable to create database connection due to the database driver class was not found in classpath
	at com.api.persistence.db.PropertiesConnectionProviderImpl.start(PropertiesConnectionProviderImpl.java:225)
	at com.api.persistence.db.PropertiesConnectionProviderImpl.getConnection(PropertiesConnectionProviderImpl.java:117)
	at com.api.persistence.db.PropertiesConnectionProviderImpl.getConnection(PropertiesConnectionProviderImpl.java:1)
	at com.api.persistence.db.DatabaseConnectionFactory.getProviderConnection(DatabaseConnectionFactory.java:221)
	at com.api.persistence.db.orm.Rmt2OrmClientFactory.createOrmClientInstance(Rmt2OrmClientFactory.java:48)
	at com.api.persistence.db.orm.Rmt2OrmClientFactory.createOrmClientInstance(Rmt2OrmClientFactory.java:30)
	at testcases.persistence.OrmSingleDatabaseTest.setUp(OrmSingleDatabaseTest.java:35)
	at sun.reflect.NativeMethodAccessorImpl.invoke0(Native Method)
	at sun.reflect.NativeMethodAccessorImpl.invoke(NativeMethodAccessorImpl.java:57)
	at sun.reflect.DelegatingMethodAccessorImpl.invoke(DelegatingMethodAccessorImpl.java:43)
	at java.lang.reflect.Method.invoke(Method.java:606)
	at org.junit.runners.model.FrameworkMethod$1.runReflectiveCall(FrameworkMethod.java:50)
	at org.junit.internal.runners.model.ReflectiveCallable.run(ReflectiveCallable.java:12)
	at org.junit.runners.model.FrameworkMethod.invokeExplosively(FrameworkMethod.java:47)
	at org.junit.internal.runners.statements.RunBefores.evaluate(RunBefores.java:24)
	at org.junit.internal.runners.statements.RunAfters.evaluate(RunAfters.java:27)
	at org.junit.runners.ParentRunner.runLeaf(ParentRunner.java:325)
	at org.junit.runners.BlockJUnit4ClassRunner.runChild(BlockJUnit4ClassRunner.java:78)
	at org.junit.runners.BlockJUnit4ClassRunner.runChild(BlockJUnit4ClassRunner.java:57)
	at org.junit.runners.ParentRunner$3.run(ParentRunner.java:290)
	at org.junit.runners.ParentRunner$1.schedule(ParentRunner.java:71)
	at org.junit.runners.ParentRunner.runChildren(ParentRunner.java:288)
	at org.junit.runners.ParentRunner.access$000(ParentRunner.java:58)
	at org.junit.runners.ParentRunner$2.evaluate(ParentRunner.java:268)
	at org.junit.runners.ParentRunner.run(ParentRunner.java:363)
	at org.apache.maven.surefire.junit4.JUnit4Provider.execute(JUnit4Provider.java:252)
	at org.apache.maven.surefire.junit4.JUnit4Provider.executeTestSet(JUnit4Provider.java:141)
	at org.apache.maven.surefire.junit4.JUnit4Provider.invoke(JUnit4Provider.java:112)
	at sun.reflect.NativeMethodAccessorImpl.invoke0(Native Method)
	at sun.reflect.NativeMethodAccessorImpl.invoke(NativeMethodAccessorImpl.java:57)
	at sun.reflect.DelegatingMethodAccessorImpl.invoke(DelegatingMethodAccessorImpl.java:43)
	at java.lang.reflect.Method.invoke(Method.java:606)
	at org.apache.maven.surefire.util.ReflectionUtils.invokeMethodWithArray(ReflectionUtils.java:189)
	at org.apache.maven.surefire.booter.ProviderFactory$ProviderProxy.invoke(ProviderFactory.java:165)
	at org.apache.maven.surefire.booter.ProviderFactory.invokeProvider(ProviderFactory.java:85)
	at org.apache.maven.surefire.booter.ForkedBooter.runSuitesInProcess(ForkedBooter.java:115)
	at org.apache.maven.surefire.booter.ForkedBooter.main(ForkedBooter.java:75)
Caused by: java.lang.ClassNotFoundException: com.sybase.jdbc3.jdbc.SybDriver
	at java.net.URLClassLoader$1.run(URLClassLoader.java:366)
	at java.net.URLClassLoader$1.run(URLClassLoader.java:355)
	at java.security.AccessController.doPrivileged(Native Method)
	at java.net.URLClassLoader.findClass(URLClassLoader.java:354)
	at java.lang.ClassLoader.loadClass(ClassLoader.java:425)
	at sun.misc.Launcher$AppClassLoader.loadClass(Launcher.java:308)
	at java.lang.ClassLoader.loadClass(ClassLoader.java:358)
	at java.lang.Class.forName0(Native Method)
	at java.lang.Class.forName(Class.java:190)
	at com.api.persistence.db.PropertiesConnectionProviderImpl.start(PropertiesConnectionProviderImpl.java:221)
	... 36 more
</error>
    <system-out>WARN   22/12/2016 20:54:30  RMT2File [getFileInputStreamFromAppContext]  line 1735  =&gt; A failed attempt was made to obtain a URL reference of the input file name on the standalone context of the application due to a general I/O error occurred: C:\ProjectServer\RMT2_Fw_Suite\fw_parent\fw_core\TestSystemParms (The system cannot find the file specified)
 WARN   22/12/2016 20:54:30  RMT2File [getFileInputStreamFromContextClassloader]  line 1646  =&gt; A failed attempt was made to obtain a URL reference of the input file name on the web context of the application due to a general I/O error occurred: C:\ProjectServer\RMT2_Fw_Suite\fw_parent\fw_core\TestSystemParms (The system cannot find the file specified)
 INFO   22/12/2016 20:54:30  com.api.persistence.db.DatabaseConnectionFactory [&lt;init&gt;]  line 59  =&gt; com.api.persistence.db.DatabaseConnectionFactory is initialized
 INFO   22/12/2016 20:54:30  com.api.persistence.db.DatabaseConnectionFactory [getEnvConnectionProviderApi]  line 106  =&gt; The selected database connectin provider implementation is, dev.DbConnectionProviderClass
 INFO   22/12/2016 20:54:30  com.api.persistence.db.AbstractConnectionProviderImpl [init]  line 61  =&gt; com.api.persistence.db.AbstractConnectionProviderImpl is initialized
 INFO   22/12/2016 20:54:30  com.api.persistence.db.AbstractConnectionProviderImpl [getEnvDbResourceName]  line 85  =&gt; The selected DB ORM Resource Name Key is, dev.DbResourceName
 </system-out>
  </testcase>
  <testcase time="0.006" classname="testcases.persistence.OrmSingleDatabaseTest" name="testFetch">
    <error type="java.lang.NullPointerException">java.lang.NullPointerException
	at testcases.persistence.OrmSingleDatabaseTest.tearDown(OrmSingleDatabaseTest.java:43)
	at sun.reflect.NativeMethodAccessorImpl.invoke0(Native Method)
	at sun.reflect.NativeMethodAccessorImpl.invoke(NativeMethodAccessorImpl.java:57)
	at sun.reflect.DelegatingMethodAccessorImpl.invoke(DelegatingMethodAccessorImpl.java:43)
	at java.lang.reflect.Method.invoke(Method.java:606)
	at org.junit.runners.model.FrameworkMethod$1.runReflectiveCall(FrameworkMethod.java:50)
	at org.junit.internal.runners.model.ReflectiveCallable.run(ReflectiveCallable.java:12)
	at org.junit.runners.model.FrameworkMethod.invokeExplosively(FrameworkMethod.java:47)
	at org.junit.internal.runners.statements.RunAfters.evaluate(RunAfters.java:33)
	at org.junit.runners.ParentRunner.runLeaf(ParentRunner.java:325)
	at org.junit.runners.BlockJUnit4ClassRunner.runChild(BlockJUnit4ClassRunner.java:78)
	at org.junit.runners.BlockJUnit4ClassRunner.runChild(BlockJUnit4ClassRunner.java:57)
	at org.junit.runners.ParentRunner$3.run(ParentRunner.java:290)
	at org.junit.runners.ParentRunner$1.schedule(ParentRunner.java:71)
	at org.junit.runners.ParentRunner.runChildren(ParentRunner.java:288)
	at org.junit.runners.ParentRunner.access$000(ParentRunner.java:58)
	at org.junit.runners.ParentRunner$2.evaluate(ParentRunner.java:268)
	at org.junit.runners.ParentRunner.run(ParentRunner.java:363)
	at org.apache.maven.surefire.junit4.JUnit4Provider.execute(JUnit4Provider.java:252)
	at org.apache.maven.surefire.junit4.JUnit4Provider.executeTestSet(JUnit4Provider.java:141)
	at org.apache.maven.surefire.junit4.JUnit4Provider.invoke(JUnit4Provider.java:112)
	at sun.reflect.NativeMethodAccessorImpl.invoke0(Native Method)
	at sun.reflect.NativeMethodAccessorImpl.invoke(NativeMethodAccessorImpl.java:57)
	at sun.reflect.DelegatingMethodAccessorImpl.invoke(DelegatingMethodAccessorImpl.java:43)
	at java.lang.reflect.Method.invoke(Method.java:606)
	at org.apache.maven.surefire.util.ReflectionUtils.invokeMethodWithArray(ReflectionUtils.java:189)
	at org.apache.maven.surefire.booter.ProviderFactory$ProviderProxy.invoke(ProviderFactory.java:165)
	at org.apache.maven.surefire.booter.ProviderFactory.invokeProvider(ProviderFactory.java:85)
	at org.apache.maven.surefire.booter.ForkedBooter.runSuitesInProcess(ForkedBooter.java:115)
	at org.apache.maven.surefire.booter.ForkedBooter.main(ForkedBooter.java:75)
</error>
  </testcase>
  <testcase time="0.01" classname="testcases.persistence.OrmSingleDatabaseTest" name="testRollback">
    <error message="Unable to create database connection due to the database driver class was not found in classpath" type="com.api.persistence.DatabaseException">com.api.persistence.DatabaseException: Unable to create database connection due to the database driver class was not found in classpath
	at com.api.persistence.db.PropertiesConnectionProviderImpl.start(PropertiesConnectionProviderImpl.java:225)
	at com.api.persistence.db.PropertiesConnectionProviderImpl.getConnection(PropertiesConnectionProviderImpl.java:117)
	at com.api.persistence.db.PropertiesConnectionProviderImpl.getConnection(PropertiesConnectionProviderImpl.java:1)
	at com.api.persistence.db.DatabaseConnectionFactory.getProviderConnection(DatabaseConnectionFactory.java:221)
	at com.api.persistence.db.orm.Rmt2OrmClientFactory.createOrmClientInstance(Rmt2OrmClientFactory.java:48)
	at com.api.persistence.db.orm.Rmt2OrmClientFactory.createOrmClientInstance(Rmt2OrmClientFactory.java:30)
	at testcases.persistence.OrmSingleDatabaseTest.setUp(OrmSingleDatabaseTest.java:35)
	at sun.reflect.NativeMethodAccessorImpl.invoke0(Native Method)
	at sun.reflect.NativeMethodAccessorImpl.invoke(NativeMethodAccessorImpl.java:57)
	at sun.reflect.DelegatingMethodAccessorImpl.invoke(DelegatingMethodAccessorImpl.java:43)
	at java.lang.reflect.Method.invoke(Method.java:606)
	at org.junit.runners.model.FrameworkMethod$1.runReflectiveCall(FrameworkMethod.java:50)
	at org.junit.internal.runners.model.ReflectiveCallable.run(ReflectiveCallable.java:12)
	at org.junit.runners.model.FrameworkMethod.invokeExplosively(FrameworkMethod.java:47)
	at org.junit.internal.runners.statements.RunBefores.evaluate(RunBefores.java:24)
	at org.junit.internal.runners.statements.RunAfters.evaluate(RunAfters.java:27)
	at org.junit.runners.ParentRunner.runLeaf(ParentRunner.java:325)
	at org.junit.runners.BlockJUnit4ClassRunner.runChild(BlockJUnit4ClassRunner.java:78)
	at org.junit.runners.BlockJUnit4ClassRunner.runChild(BlockJUnit4ClassRunner.java:57)
	at org.junit.runners.ParentRunner$3.run(ParentRunner.java:290)
	at org.junit.runners.ParentRunner$1.schedule(ParentRunner.java:71)
	at org.junit.runners.ParentRunner.runChildren(ParentRunner.java:288)
	at org.junit.runners.ParentRunner.access$000(ParentRunner.java:58)
	at org.junit.runners.ParentRunner$2.evaluate(ParentRunner.java:268)
	at org.junit.runners.ParentRunner.run(ParentRunner.java:363)
	at org.apache.maven.surefire.junit4.JUnit4Provider.execute(JUnit4Provider.java:252)
	at org.apache.maven.surefire.junit4.JUnit4Provider.executeTestSet(JUnit4Provider.java:141)
	at org.apache.maven.surefire.junit4.JUnit4Provider.invoke(JUnit4Provider.java:112)
	at sun.reflect.NativeMethodAccessorImpl.invoke0(Native Method)
	at sun.reflect.NativeMethodAccessorImpl.invoke(NativeMethodAccessorImpl.java:57)
	at sun.reflect.DelegatingMethodAccessorImpl.invoke(DelegatingMethodAccessorImpl.java:43)
	at java.lang.reflect.Method.invoke(Method.java:606)
	at org.apache.maven.surefire.util.ReflectionUtils.invokeMethodWithArray(ReflectionUtils.java:189)
	at org.apache.maven.surefire.booter.ProviderFactory$ProviderProxy.invoke(ProviderFactory.java:165)
	at org.apache.maven.surefire.booter.ProviderFactory.invokeProvider(ProviderFactory.java:85)
	at org.apache.maven.surefire.booter.ForkedBooter.runSuitesInProcess(ForkedBooter.java:115)
	at org.apache.maven.surefire.booter.ForkedBooter.main(ForkedBooter.java:75)
Caused by: java.lang.ClassNotFoundException: com.sybase.jdbc3.jdbc.SybDriver
	at java.net.URLClassLoader$1.run(URLClassLoader.java:366)
	at java.net.URLClassLoader$1.run(URLClassLoader.java:355)
	at java.security.AccessController.doPrivileged(Native Method)
	at java.net.URLClassLoader.findClass(URLClassLoader.java:354)
	at java.lang.ClassLoader.loadClass(ClassLoader.java:425)
	at sun.misc.Launcher$AppClassLoader.loadClass(Launcher.java:308)
	at java.lang.ClassLoader.loadClass(ClassLoader.java:358)
	at java.lang.Class.forName0(Native Method)
	at java.lang.Class.forName(Class.java:190)
	at com.api.persistence.db.PropertiesConnectionProviderImpl.start(PropertiesConnectionProviderImpl.java:221)
	... 36 more
</error>
    <system-out>WARN   22/12/2016 20:54:30  RMT2File [getFileInputStreamFromAppContext]  line 1735  =&gt; A failed attempt was made to obtain a URL reference of the input file name on the standalone context of the application due to a general I/O error occurred: C:\ProjectServer\RMT2_Fw_Suite\fw_parent\fw_core\TestSystemParms (The system cannot find the file specified)
 WARN   22/12/2016 20:54:30  RMT2File [getFileInputStreamFromContextClassloader]  line 1646  =&gt; A failed attempt was made to obtain a URL reference of the input file name on the web context of the application due to a general I/O error occurred: C:\ProjectServer\RMT2_Fw_Suite\fw_parent\fw_core\TestSystemParms (The system cannot find the file specified)
 INFO   22/12/2016 20:54:30  com.api.persistence.db.DatabaseConnectionFactory [&lt;init&gt;]  line 59  =&gt; com.api.persistence.db.DatabaseConnectionFactory is initialized
 INFO   22/12/2016 20:54:30  com.api.persistence.db.DatabaseConnectionFactory [getEnvConnectionProviderApi]  line 106  =&gt; The selected database connectin provider implementation is, dev.DbConnectionProviderClass
 INFO   22/12/2016 20:54:30  com.api.persistence.db.AbstractConnectionProviderImpl [init]  line 61  =&gt; com.api.persistence.db.AbstractConnectionProviderImpl is initialized
 INFO   22/12/2016 20:54:30  com.api.persistence.db.AbstractConnectionProviderImpl [getEnvDbResourceName]  line 85  =&gt; The selected DB ORM Resource Name Key is, dev.DbResourceName
 </system-out>
  </testcase>
  <testcase time="0.01" classname="testcases.persistence.OrmSingleDatabaseTest" name="testRollback">
    <error type="java.lang.NullPointerException">java.lang.NullPointerException
	at testcases.persistence.OrmSingleDatabaseTest.tearDown(OrmSingleDatabaseTest.java:43)
	at sun.reflect.NativeMethodAccessorImpl.invoke0(Native Method)
	at sun.reflect.NativeMethodAccessorImpl.invoke(NativeMethodAccessorImpl.java:57)
	at sun.reflect.DelegatingMethodAccessorImpl.invoke(DelegatingMethodAccessorImpl.java:43)
	at java.lang.reflect.Method.invoke(Method.java:606)
	at org.junit.runners.model.FrameworkMethod$1.runReflectiveCall(FrameworkMethod.java:50)
	at org.junit.internal.runners.model.ReflectiveCallable.run(ReflectiveCallable.java:12)
	at org.junit.runners.model.FrameworkMethod.invokeExplosively(FrameworkMethod.java:47)
	at org.junit.internal.runners.statements.RunAfters.evaluate(RunAfters.java:33)
	at org.junit.runners.ParentRunner.runLeaf(ParentRunner.java:325)
	at org.junit.runners.BlockJUnit4ClassRunner.runChild(BlockJUnit4ClassRunner.java:78)
	at org.junit.runners.BlockJUnit4ClassRunner.runChild(BlockJUnit4ClassRunner.java:57)
	at org.junit.runners.ParentRunner$3.run(ParentRunner.java:290)
	at org.junit.runners.ParentRunner$1.schedule(ParentRunner.java:71)
	at org.junit.runners.ParentRunner.runChildren(ParentRunner.java:288)
	at org.junit.runners.ParentRunner.access$000(ParentRunner.java:58)
	at org.junit.runners.ParentRunner$2.evaluate(ParentRunner.java:268)
	at org.junit.runners.ParentRunner.run(ParentRunner.java:363)
	at org.apache.maven.surefire.junit4.JUnit4Provider.execute(JUnit4Provider.java:252)
	at org.apache.maven.surefire.junit4.JUnit4Provider.executeTestSet(JUnit4Provider.java:141)
	at org.apache.maven.surefire.junit4.JUnit4Provider.invoke(JUnit4Provider.java:112)
	at sun.reflect.NativeMethodAccessorImpl.invoke0(Native Method)
	at sun.reflect.NativeMethodAccessorImpl.invoke(NativeMethodAccessorImpl.java:57)
	at sun.reflect.DelegatingMethodAccessorImpl.invoke(DelegatingMethodAccessorImpl.java:43)
	at java.lang.reflect.Method.invoke(Method.java:606)
	at org.apache.maven.surefire.util.ReflectionUtils.invokeMethodWithArray(ReflectionUtils.java:189)
	at org.apache.maven.surefire.booter.ProviderFactory$ProviderProxy.invoke(ProviderFactory.java:165)
	at org.apache.maven.surefire.booter.ProviderFactory.invokeProvider(ProviderFactory.java:85)
	at org.apache.maven.surefire.booter.ForkedBooter.runSuitesInProcess(ForkedBooter.java:115)
	at org.apache.maven.surefire.booter.ForkedBooter.main(ForkedBooter.java:75)
</error>
  </testcase>
  <testcase time="0.007" classname="testcases.persistence.OrmSingleDatabaseTest" name="testDelete">
    <error message="Unable to create database connection due to the database driver class was not found in classpath" type="com.api.persistence.DatabaseException">com.api.persistence.DatabaseException: Unable to create database connection due to the database driver class was not found in classpath
	at com.api.persistence.db.PropertiesConnectionProviderImpl.start(PropertiesConnectionProviderImpl.java:225)
	at com.api.persistence.db.PropertiesConnectionProviderImpl.getConnection(PropertiesConnectionProviderImpl.java:117)
	at com.api.persistence.db.PropertiesConnectionProviderImpl.getConnection(PropertiesConnectionProviderImpl.java:1)
	at com.api.persistence.db.DatabaseConnectionFactory.getProviderConnection(DatabaseConnectionFactory.java:221)
	at com.api.persistence.db.orm.Rmt2OrmClientFactory.createOrmClientInstance(Rmt2OrmClientFactory.java:48)
	at com.api.persistence.db.orm.Rmt2OrmClientFactory.createOrmClientInstance(Rmt2OrmClientFactory.java:30)
	at testcases.persistence.OrmSingleDatabaseTest.setUp(OrmSingleDatabaseTest.java:35)
	at sun.reflect.NativeMethodAccessorImpl.invoke0(Native Method)
	at sun.reflect.NativeMethodAccessorImpl.invoke(NativeMethodAccessorImpl.java:57)
	at sun.reflect.DelegatingMethodAccessorImpl.invoke(DelegatingMethodAccessorImpl.java:43)
	at java.lang.reflect.Method.invoke(Method.java:606)
	at org.junit.runners.model.FrameworkMethod$1.runReflectiveCall(FrameworkMethod.java:50)
	at org.junit.internal.runners.model.ReflectiveCallable.run(ReflectiveCallable.java:12)
	at org.junit.runners.model.FrameworkMethod.invokeExplosively(FrameworkMethod.java:47)
	at org.junit.internal.runners.statements.RunBefores.evaluate(RunBefores.java:24)
	at org.junit.internal.runners.statements.RunAfters.evaluate(RunAfters.java:27)
	at org.junit.runners.ParentRunner.runLeaf(ParentRunner.java:325)
	at org.junit.runners.BlockJUnit4ClassRunner.runChild(BlockJUnit4ClassRunner.java:78)
	at org.junit.runners.BlockJUnit4ClassRunner.runChild(BlockJUnit4ClassRunner.java:57)
	at org.junit.runners.ParentRunner$3.run(ParentRunner.java:290)
	at org.junit.runners.ParentRunner$1.schedule(ParentRunner.java:71)
	at org.junit.runners.ParentRunner.runChildren(ParentRunner.java:288)
	at org.junit.runners.ParentRunner.access$000(ParentRunner.java:58)
	at org.junit.runners.ParentRunner$2.evaluate(ParentRunner.java:268)
	at org.junit.runners.ParentRunner.run(ParentRunner.java:363)
	at org.apache.maven.surefire.junit4.JUnit4Provider.execute(JUnit4Provider.java:252)
	at org.apache.maven.surefire.junit4.JUnit4Provider.executeTestSet(JUnit4Provider.java:141)
	at org.apache.maven.surefire.junit4.JUnit4Provider.invoke(JUnit4Provider.java:112)
	at sun.reflect.NativeMethodAccessorImpl.invoke0(Native Method)
	at sun.reflect.NativeMethodAccessorImpl.invoke(NativeMethodAccessorImpl.java:57)
	at sun.reflect.DelegatingMethodAccessorImpl.invoke(DelegatingMethodAccessorImpl.java:43)
	at java.lang.reflect.Method.invoke(Method.java:606)
	at org.apache.maven.surefire.util.ReflectionUtils.invokeMethodWithArray(ReflectionUtils.java:189)
	at org.apache.maven.surefire.booter.ProviderFactory$ProviderProxy.invoke(ProviderFactory.java:165)
	at org.apache.maven.surefire.booter.ProviderFactory.invokeProvider(ProviderFactory.java:85)
	at org.apache.maven.surefire.booter.ForkedBooter.runSuitesInProcess(ForkedBooter.java:115)
	at org.apache.maven.surefire.booter.ForkedBooter.main(ForkedBooter.java:75)
Caused by: java.lang.ClassNotFoundException: com.sybase.jdbc3.jdbc.SybDriver
	at java.net.URLClassLoader$1.run(URLClassLoader.java:366)
	at java.net.URLClassLoader$1.run(URLClassLoader.java:355)
	at java.security.AccessController.doPrivileged(Native Method)
	at java.net.URLClassLoader.findClass(URLClassLoader.java:354)
	at java.lang.ClassLoader.loadClass(ClassLoader.java:425)
	at sun.misc.Launcher$AppClassLoader.loadClass(Launcher.java:308)
	at java.lang.ClassLoader.loadClass(ClassLoader.java:358)
	at java.lang.Class.forName0(Native Method)
	at java.lang.Class.forName(Class.java:190)
	at com.api.persistence.db.PropertiesConnectionProviderImpl.start(PropertiesConnectionProviderImpl.java:221)
	... 36 more
</error>
    <system-out>WARN   22/12/2016 20:54:30  RMT2File [getFileInputStreamFromAppContext]  line 1735  =&gt; A failed attempt was made to obtain a URL reference of the input file name on the standalone context of the application due to a general I/O error occurred: C:\ProjectServer\RMT2_Fw_Suite\fw_parent\fw_core\TestSystemParms (The system cannot find the file specified)
 WARN   22/12/2016 20:54:30  RMT2File [getFileInputStreamFromContextClassloader]  line 1646  =&gt; A failed attempt was made to obtain a URL reference of the input file name on the web context of the application due to a general I/O error occurred: C:\ProjectServer\RMT2_Fw_Suite\fw_parent\fw_core\TestSystemParms (The system cannot find the file specified)
 INFO   22/12/2016 20:54:30  com.api.persistence.db.DatabaseConnectionFactory [&lt;init&gt;]  line 59  =&gt; com.api.persistence.db.DatabaseConnectionFactory is initialized
 INFO   22/12/2016 20:54:30  com.api.persistence.db.DatabaseConnectionFactory [getEnvConnectionProviderApi]  line 106  =&gt; The selected database connectin provider implementation is, dev.DbConnectionProviderClass
 INFO   22/12/2016 20:54:30  com.api.persistence.db.AbstractConnectionProviderImpl [init]  line 61  =&gt; com.api.persistence.db.AbstractConnectionProviderImpl is initialized
 INFO   22/12/2016 20:54:30  com.api.persistence.db.AbstractConnectionProviderImpl [getEnvDbResourceName]  line 85  =&gt; The selected DB ORM Resource Name Key is, dev.DbResourceName
 </system-out>
  </testcase>
  <testcase time="0.007" classname="testcases.persistence.OrmSingleDatabaseTest" name="testDelete">
    <error type="java.lang.NullPointerException">java.lang.NullPointerException
	at testcases.persistence.OrmSingleDatabaseTest.tearDown(OrmSingleDatabaseTest.java:43)
	at sun.reflect.NativeMethodAccessorImpl.invoke0(Native Method)
	at sun.reflect.NativeMethodAccessorImpl.invoke(NativeMethodAccessorImpl.java:57)
	at sun.reflect.DelegatingMethodAccessorImpl.invoke(DelegatingMethodAccessorImpl.java:43)
	at java.lang.reflect.Method.invoke(Method.java:606)
	at org.junit.runners.model.FrameworkMethod$1.runReflectiveCall(FrameworkMethod.java:50)
	at org.junit.internal.runners.model.ReflectiveCallable.run(ReflectiveCallable.java:12)
	at org.junit.runners.model.FrameworkMethod.invokeExplosively(FrameworkMethod.java:47)
	at org.junit.internal.runners.statements.RunAfters.evaluate(RunAfters.java:33)
	at org.junit.runners.ParentRunner.runLeaf(ParentRunner.java:325)
	at org.junit.runners.BlockJUnit4ClassRunner.runChild(BlockJUnit4ClassRunner.java:78)
	at org.junit.runners.BlockJUnit4ClassRunner.runChild(BlockJUnit4ClassRunner.java:57)
	at org.junit.runners.ParentRunner$3.run(ParentRunner.java:290)
	at org.junit.runners.ParentRunner$1.schedule(ParentRunner.java:71)
	at org.junit.runners.ParentRunner.runChildren(ParentRunner.java:288)
	at org.junit.runners.ParentRunner.access$000(ParentRunner.java:58)
	at org.junit.runners.ParentRunner$2.evaluate(ParentRunner.java:268)
	at org.junit.runners.ParentRunner.run(ParentRunner.java:363)
	at org.apache.maven.surefire.junit4.JUnit4Provider.execute(JUnit4Provider.java:252)
	at org.apache.maven.surefire.junit4.JUnit4Provider.executeTestSet(JUnit4Provider.java:141)
	at org.apache.maven.surefire.junit4.JUnit4Provider.invoke(JUnit4Provider.java:112)
	at sun.reflect.NativeMethodAccessorImpl.invoke0(Native Method)
	at sun.reflect.NativeMethodAccessorImpl.invoke(NativeMethodAccessorImpl.java:57)
	at sun.reflect.DelegatingMethodAccessorImpl.invoke(DelegatingMethodAccessorImpl.java:43)
	at java.lang.reflect.Method.invoke(Method.java:606)
	at org.apache.maven.surefire.util.ReflectionUtils.invokeMethodWithArray(ReflectionUtils.java:189)
	at org.apache.maven.surefire.booter.ProviderFactory$ProviderProxy.invoke(ProviderFactory.java:165)
	at org.apache.maven.surefire.booter.ProviderFactory.invokeProvider(ProviderFactory.java:85)
	at org.apache.maven.surefire.booter.ForkedBooter.runSuitesInProcess(ForkedBooter.java:115)
	at org.apache.maven.surefire.booter.ForkedBooter.main(ForkedBooter.java:75)
</error>
  </testcase>
  <testcase time="0.008" classname="testcases.persistence.OrmSingleDatabaseTest" name="testInsert">
    <error message="Unable to create database connection due to the database driver class was not found in classpath" type="com.api.persistence.DatabaseException">com.api.persistence.DatabaseException: Unable to create database connection due to the database driver class was not found in classpath
	at com.api.persistence.db.PropertiesConnectionProviderImpl.start(PropertiesConnectionProviderImpl.java:225)
	at com.api.persistence.db.PropertiesConnectionProviderImpl.getConnection(PropertiesConnectionProviderImpl.java:117)
	at com.api.persistence.db.PropertiesConnectionProviderImpl.getConnection(PropertiesConnectionProviderImpl.java:1)
	at com.api.persistence.db.DatabaseConnectionFactory.getProviderConnection(DatabaseConnectionFactory.java:221)
	at com.api.persistence.db.orm.Rmt2OrmClientFactory.createOrmClientInstance(Rmt2OrmClientFactory.java:48)
	at com.api.persistence.db.orm.Rmt2OrmClientFactory.createOrmClientInstance(Rmt2OrmClientFactory.java:30)
	at testcases.persistence.OrmSingleDatabaseTest.setUp(OrmSingleDatabaseTest.java:35)
	at sun.reflect.NativeMethodAccessorImpl.invoke0(Native Method)
	at sun.reflect.NativeMethodAccessorImpl.invoke(NativeMethodAccessorImpl.java:57)
	at sun.reflect.DelegatingMethodAccessorImpl.invoke(DelegatingMethodAccessorImpl.java:43)
	at java.lang.reflect.Method.invoke(Method.java:606)
	at org.junit.runners.model.FrameworkMethod$1.runReflectiveCall(FrameworkMethod.java:50)
	at org.junit.internal.runners.model.ReflectiveCallable.run(ReflectiveCallable.java:12)
	at org.junit.runners.model.FrameworkMethod.invokeExplosively(FrameworkMethod.java:47)
	at org.junit.internal.runners.statements.RunBefores.evaluate(RunBefores.java:24)
	at org.junit.internal.runners.statements.RunAfters.evaluate(RunAfters.java:27)
	at org.junit.runners.ParentRunner.runLeaf(ParentRunner.java:325)
	at org.junit.runners.BlockJUnit4ClassRunner.runChild(BlockJUnit4ClassRunner.java:78)
	at org.junit.runners.BlockJUnit4ClassRunner.runChild(BlockJUnit4ClassRunner.java:57)
	at org.junit.runners.ParentRunner$3.run(ParentRunner.java:290)
	at org.junit.runners.ParentRunner$1.schedule(ParentRunner.java:71)
	at org.junit.runners.ParentRunner.runChildren(ParentRunner.java:288)
	at org.junit.runners.ParentRunner.access$000(ParentRunner.java:58)
	at org.junit.runners.ParentRunner$2.evaluate(ParentRunner.java:268)
	at org.junit.runners.ParentRunner.run(ParentRunner.java:363)
	at org.apache.maven.surefire.junit4.JUnit4Provider.execute(JUnit4Provider.java:252)
	at org.apache.maven.surefire.junit4.JUnit4Provider.executeTestSet(JUnit4Provider.java:141)
	at org.apache.maven.surefire.junit4.JUnit4Provider.invoke(JUnit4Provider.java:112)
	at sun.reflect.NativeMethodAccessorImpl.invoke0(Native Method)
	at sun.reflect.NativeMethodAccessorImpl.invoke(NativeMethodAccessorImpl.java:57)
	at sun.reflect.DelegatingMethodAccessorImpl.invoke(DelegatingMethodAccessorImpl.java:43)
	at java.lang.reflect.Method.invoke(Method.java:606)
	at org.apache.maven.surefire.util.ReflectionUtils.invokeMethodWithArray(ReflectionUtils.java:189)
	at org.apache.maven.surefire.booter.ProviderFactory$ProviderProxy.invoke(ProviderFactory.java:165)
	at org.apache.maven.surefire.booter.ProviderFactory.invokeProvider(ProviderFactory.java:85)
	at org.apache.maven.surefire.booter.ForkedBooter.runSuitesInProcess(ForkedBooter.java:115)
	at org.apache.maven.surefire.booter.ForkedBooter.main(ForkedBooter.java:75)
Caused by: java.lang.ClassNotFoundException: com.sybase.jdbc3.jdbc.SybDriver
	at java.net.URLClassLoader$1.run(URLClassLoader.java:366)
	at java.net.URLClassLoader$1.run(URLClassLoader.java:355)
	at java.security.AccessController.doPrivileged(Native Method)
	at java.net.URLClassLoader.findClass(URLClassLoader.java:354)
	at java.lang.ClassLoader.loadClass(ClassLoader.java:425)
	at sun.misc.Launcher$AppClassLoader.loadClass(Launcher.java:308)
	at java.lang.ClassLoader.loadClass(ClassLoader.java:358)
	at java.lang.Class.forName0(Native Method)
	at java.lang.Class.forName(Class.java:190)
	at com.api.persistence.db.PropertiesConnectionProviderImpl.start(PropertiesConnectionProviderImpl.java:221)
	... 36 more
</error>
    <system-out>WARN   22/12/2016 20:54:30  RMT2File [getFileInputStreamFromAppContext]  line 1735  =&gt; A failed attempt was made to obtain a URL reference of the input file name on the standalone context of the application due to a general I/O error occurred: C:\ProjectServer\RMT2_Fw_Suite\fw_parent\fw_core\TestSystemParms (The system cannot find the file specified)
 WARN   22/12/2016 20:54:30  RMT2File [getFileInputStreamFromContextClassloader]  line 1646  =&gt; A failed attempt was made to obtain a URL reference of the input file name on the web context of the application due to a general I/O error occurred: C:\ProjectServer\RMT2_Fw_Suite\fw_parent\fw_core\TestSystemParms (The system cannot find the file specified)
 INFO   22/12/2016 20:54:30  com.api.persistence.db.DatabaseConnectionFactory [&lt;init&gt;]  line 59  =&gt; com.api.persistence.db.DatabaseConnectionFactory is initialized
 INFO   22/12/2016 20:54:30  com.api.persistence.db.DatabaseConnectionFactory [getEnvConnectionProviderApi]  line 106  =&gt; The selected database connectin provider implementation is, dev.DbConnectionProviderClass
 INFO   22/12/2016 20:54:30  com.api.persistence.db.AbstractConnectionProviderImpl [init]  line 61  =&gt; com.api.persistence.db.AbstractConnectionProviderImpl is initialized
 INFO   22/12/2016 20:54:30  com.api.persistence.db.AbstractConnectionProviderImpl [getEnvDbResourceName]  line 85  =&gt; The selected DB ORM Resource Name Key is, dev.DbResourceName
 </system-out>
  </testcase>
  <testcase time="0.008" classname="testcases.persistence.OrmSingleDatabaseTest" name="testInsert">
    <error type="java.lang.NullPointerException">java.lang.NullPointerException
	at testcases.persistence.OrmSingleDatabaseTest.tearDown(OrmSingleDatabaseTest.java:43)
	at sun.reflect.NativeMethodAccessorImpl.invoke0(Native Method)
	at sun.reflect.NativeMethodAccessorImpl.invoke(NativeMethodAccessorImpl.java:57)
	at sun.reflect.DelegatingMethodAccessorImpl.invoke(DelegatingMethodAccessorImpl.java:43)
	at java.lang.reflect.Method.invoke(Method.java:606)
	at org.junit.runners.model.FrameworkMethod$1.runReflectiveCall(FrameworkMethod.java:50)
	at org.junit.internal.runners.model.ReflectiveCallable.run(ReflectiveCallable.java:12)
	at org.junit.runners.model.FrameworkMethod.invokeExplosively(FrameworkMethod.java:47)
	at org.junit.internal.runners.statements.RunAfters.evaluate(RunAfters.java:33)
	at org.junit.runners.ParentRunner.runLeaf(ParentRunner.java:325)
	at org.junit.runners.BlockJUnit4ClassRunner.runChild(BlockJUnit4ClassRunner.java:78)
	at org.junit.runners.BlockJUnit4ClassRunner.runChild(BlockJUnit4ClassRunner.java:57)
	at org.junit.runners.ParentRunner$3.run(ParentRunner.java:290)
	at org.junit.runners.ParentRunner$1.schedule(ParentRunner.java:71)
	at org.junit.runners.ParentRunner.runChildren(ParentRunner.java:288)
	at org.junit.runners.ParentRunner.access$000(ParentRunner.java:58)
	at org.junit.runners.ParentRunner$2.evaluate(ParentRunner.java:268)
	at org.junit.runners.ParentRunner.run(ParentRunner.java:363)
	at org.apache.maven.surefire.junit4.JUnit4Provider.execute(JUnit4Provider.java:252)
	at org.apache.maven.surefire.junit4.JUnit4Provider.executeTestSet(JUnit4Provider.java:141)
	at org.apache.maven.surefire.junit4.JUnit4Provider.invoke(JUnit4Provider.java:112)
	at sun.reflect.NativeMethodAccessorImpl.invoke0(Native Method)
	at sun.reflect.NativeMethodAccessorImpl.invoke(NativeMethodAccessorImpl.java:57)
	at sun.reflect.DelegatingMethodAccessorImpl.invoke(DelegatingMethodAccessorImpl.java:43)
	at java.lang.reflect.Method.invoke(Method.java:606)
	at org.apache.maven.surefire.util.ReflectionUtils.invokeMethodWithArray(ReflectionUtils.java:189)
	at org.apache.maven.surefire.booter.ProviderFactory$ProviderProxy.invoke(ProviderFactory.java:165)
	at org.apache.maven.surefire.booter.ProviderFactory.invokeProvider(ProviderFactory.java:85)
	at org.apache.maven.surefire.booter.ForkedBooter.runSuitesInProcess(ForkedBooter.java:115)
	at org.apache.maven.surefire.booter.ForkedBooter.main(ForkedBooter.java:75)
</error>
  </testcase>
  <testcase time="0.006" classname="testcases.persistence.OrmSingleDatabaseTest" name="testUpdate">
    <error message="Unable to create database connection due to the database driver class was not found in classpath" type="com.api.persistence.DatabaseException">com.api.persistence.DatabaseException: Unable to create database connection due to the database driver class was not found in classpath
	at com.api.persistence.db.PropertiesConnectionProviderImpl.start(PropertiesConnectionProviderImpl.java:225)
	at com.api.persistence.db.PropertiesConnectionProviderImpl.getConnection(PropertiesConnectionProviderImpl.java:117)
	at com.api.persistence.db.PropertiesConnectionProviderImpl.getConnection(PropertiesConnectionProviderImpl.java:1)
	at com.api.persistence.db.DatabaseConnectionFactory.getProviderConnection(DatabaseConnectionFactory.java:221)
	at com.api.persistence.db.orm.Rmt2OrmClientFactory.createOrmClientInstance(Rmt2OrmClientFactory.java:48)
	at com.api.persistence.db.orm.Rmt2OrmClientFactory.createOrmClientInstance(Rmt2OrmClientFactory.java:30)
	at testcases.persistence.OrmSingleDatabaseTest.setUp(OrmSingleDatabaseTest.java:35)
	at sun.reflect.NativeMethodAccessorImpl.invoke0(Native Method)
	at sun.reflect.NativeMethodAccessorImpl.invoke(NativeMethodAccessorImpl.java:57)
	at sun.reflect.DelegatingMethodAccessorImpl.invoke(DelegatingMethodAccessorImpl.java:43)
	at java.lang.reflect.Method.invoke(Method.java:606)
	at org.junit.runners.model.FrameworkMethod$1.runReflectiveCall(FrameworkMethod.java:50)
	at org.junit.internal.runners.model.ReflectiveCallable.run(ReflectiveCallable.java:12)
	at org.junit.runners.model.FrameworkMethod.invokeExplosively(FrameworkMethod.java:47)
	at org.junit.internal.runners.statements.RunBefores.evaluate(RunBefores.java:24)
	at org.junit.internal.runners.statements.RunAfters.evaluate(RunAfters.java:27)
	at org.junit.runners.ParentRunner.runLeaf(ParentRunner.java:325)
	at org.junit.runners.BlockJUnit4ClassRunner.runChild(BlockJUnit4ClassRunner.java:78)
	at org.junit.runners.BlockJUnit4ClassRunner.runChild(BlockJUnit4ClassRunner.java:57)
	at org.junit.runners.ParentRunner$3.run(ParentRunner.java:290)
	at org.junit.runners.ParentRunner$1.schedule(ParentRunner.java:71)
	at org.junit.runners.ParentRunner.runChildren(ParentRunner.java:288)
	at org.junit.runners.ParentRunner.access$000(ParentRunner.java:58)
	at org.junit.runners.ParentRunner$2.evaluate(ParentRunner.java:268)
	at org.junit.runners.ParentRunner.run(ParentRunner.java:363)
	at org.apache.maven.surefire.junit4.JUnit4Provider.execute(JUnit4Provider.java:252)
	at org.apache.maven.surefire.junit4.JUnit4Provider.executeTestSet(JUnit4Provider.java:141)
	at org.apache.maven.surefire.junit4.JUnit4Provider.invoke(JUnit4Provider.java:112)
	at sun.reflect.NativeMethodAccessorImpl.invoke0(Native Method)
	at sun.reflect.NativeMethodAccessorImpl.invoke(NativeMethodAccessorImpl.java:57)
	at sun.reflect.DelegatingMethodAccessorImpl.invoke(DelegatingMethodAccessorImpl.java:43)
	at java.lang.reflect.Method.invoke(Method.java:606)
	at org.apache.maven.surefire.util.ReflectionUtils.invokeMethodWithArray(ReflectionUtils.java:189)
	at org.apache.maven.surefire.booter.ProviderFactory$ProviderProxy.invoke(ProviderFactory.java:165)
	at org.apache.maven.surefire.booter.ProviderFactory.invokeProvider(ProviderFactory.java:85)
	at org.apache.maven.surefire.booter.ForkedBooter.runSuitesInProcess(ForkedBooter.java:115)
	at org.apache.maven.surefire.booter.ForkedBooter.main(ForkedBooter.java:75)
Caused by: java.lang.ClassNotFoundException: com.sybase.jdbc3.jdbc.SybDriver
	at java.net.URLClassLoader$1.run(URLClassLoader.java:366)
	at java.net.URLClassLoader$1.run(URLClassLoader.java:355)
	at java.security.AccessController.doPrivileged(Native Method)
	at java.net.URLClassLoader.findClass(URLClassLoader.java:354)
	at java.lang.ClassLoader.loadClass(ClassLoader.java:425)
	at sun.misc.Launcher$AppClassLoader.loadClass(Launcher.java:308)
	at java.lang.ClassLoader.loadClass(ClassLoader.java:358)
	at java.lang.Class.forName0(Native Method)
	at java.lang.Class.forName(Class.java:190)
	at com.api.persistence.db.PropertiesConnectionProviderImpl.start(PropertiesConnectionProviderImpl.java:221)
	... 36 more
</error>
    <system-out>WARN   22/12/2016 20:54:30  RMT2File [getFileInputStreamFromAppContext]  line 1735  =&gt; A failed attempt was made to obtain a URL reference of the input file name on the standalone context of the application due to a general I/O error occurred: C:\ProjectServer\RMT2_Fw_Suite\fw_parent\fw_core\TestSystemParms (The system cannot find the file specified)
 WARN   22/12/2016 20:54:30  RMT2File [getFileInputStreamFromContextClassloader]  line 1646  =&gt; A failed attempt was made to obtain a URL reference of the input file name on the web context of the application due to a general I/O error occurred: C:\ProjectServer\RMT2_Fw_Suite\fw_parent\fw_core\TestSystemParms (The system cannot find the file specified)
 INFO   22/12/2016 20:54:30  com.api.persistence.db.DatabaseConnectionFactory [&lt;init&gt;]  line 59  =&gt; com.api.persistence.db.DatabaseConnectionFactory is initialized
 INFO   22/12/2016 20:54:30  com.api.persistence.db.DatabaseConnectionFactory [getEnvConnectionProviderApi]  line 106  =&gt; The selected database connectin provider implementation is, dev.DbConnectionProviderClass
 INFO   22/12/2016 20:54:30  com.api.persistence.db.AbstractConnectionProviderImpl [init]  line 61  =&gt; com.api.persistence.db.AbstractConnectionProviderImpl is initialized
 INFO   22/12/2016 20:54:30  com.api.persistence.db.AbstractConnectionProviderImpl [getEnvDbResourceName]  line 85  =&gt; The selected DB ORM Resource Name Key is, dev.DbResourceName
 </system-out>
  </testcase>
  <testcase time="0.006" classname="testcases.persistence.OrmSingleDatabaseTest" name="testUpdate">
    <error type="java.lang.NullPointerException">java.lang.NullPointerException
	at testcases.persistence.OrmSingleDatabaseTest.tearDown(OrmSingleDatabaseTest.java:43)
	at sun.reflect.NativeMethodAccessorImpl.invoke0(Native Method)
	at sun.reflect.NativeMethodAccessorImpl.invoke(NativeMethodAccessorImpl.java:57)
	at sun.reflect.DelegatingMethodAccessorImpl.invoke(DelegatingMethodAccessorImpl.java:43)
	at java.lang.reflect.Method.invoke(Method.java:606)
	at org.junit.runners.model.FrameworkMethod$1.runReflectiveCall(FrameworkMethod.java:50)
	at org.junit.internal.runners.model.ReflectiveCallable.run(ReflectiveCallable.java:12)
	at org.junit.runners.model.FrameworkMethod.invokeExplosively(FrameworkMethod.java:47)
	at org.junit.internal.runners.statements.RunAfters.evaluate(RunAfters.java:33)
	at org.junit.runners.ParentRunner.runLeaf(ParentRunner.java:325)
	at org.junit.runners.BlockJUnit4ClassRunner.runChild(BlockJUnit4ClassRunner.java:78)
	at org.junit.runners.BlockJUnit4ClassRunner.runChild(BlockJUnit4ClassRunner.java:57)
	at org.junit.runners.ParentRunner$3.run(ParentRunner.java:290)
	at org.junit.runners.ParentRunner$1.schedule(ParentRunner.java:71)
	at org.junit.runners.ParentRunner.runChildren(ParentRunner.java:288)
	at org.junit.runners.ParentRunner.access$000(ParentRunner.java:58)
	at org.junit.runners.ParentRunner$2.evaluate(ParentRunner.java:268)
	at org.junit.runners.ParentRunner.run(ParentRunner.java:363)
	at org.apache.maven.surefire.junit4.JUnit4Provider.execute(JUnit4Provider.java:252)
	at org.apache.maven.surefire.junit4.JUnit4Provider.executeTestSet(JUnit4Provider.java:141)
	at org.apache.maven.surefire.junit4.JUnit4Provider.invoke(JUnit4Provider.java:112)
	at sun.reflect.NativeMethodAccessorImpl.invoke0(Native Method)
	at sun.reflect.NativeMethodAccessorImpl.invoke(NativeMethodAccessorImpl.java:57)
	at sun.reflect.DelegatingMethodAccessorImpl.invoke(DelegatingMethodAccessorImpl.java:43)
	at java.lang.reflect.Method.invoke(Method.java:606)
	at org.apache.maven.surefire.util.ReflectionUtils.invokeMethodWithArray(ReflectionUtils.java:189)
	at org.apache.maven.surefire.booter.ProviderFactory$ProviderProxy.invoke(ProviderFactory.java:165)
	at org.apache.maven.surefire.booter.ProviderFactory.invokeProvider(ProviderFactory.java:85)
	at org.apache.maven.surefire.booter.ForkedBooter.runSuitesInProcess(ForkedBooter.java:115)
	at org.apache.maven.surefire.booter.ForkedBooter.main(ForkedBooter.java:75)
</error>
  </testcase>
</testsuite>