<?xml version="1.0" encoding="UTF-8" ?>
<testsuite failures="0" time="0.074" errors="10" skipped="0" tests="10" name="testcases.persistence.OrmSingleDatabaseTest">
  <properties>
[...]
</properties>
  <testcase time="0.006" classname="testcases.persistence.OrmSingleDatabaseTest" name="testFetch">
    <error message="Unable to create database connection due to the database driver class was not found in classpath" type="com.api.persistence.DatabaseException">com.api.persistence.DatabaseException: Unable to create database connection due to the database driver class was not found in classpath
	at com.api.persistence.db.PropertiesConnectionProviderImpl.start(PropertiesConnectionProviderImpl.java:225)
	at com.api.persistence.db.PropertiesConnectionProviderImpl.getConnection(PropertiesConnectionProviderImpl.java:117)
	at com.api.persistence.db.PropertiesConnectionProviderImpl.getConnection(PropertiesConnectionProviderImpl.java:1)
	at com.api.persistence.db.DatabaseConnectionFactory.getProviderConnection(DatabaseConnectionFactory.java:221)
	at com.api.persistence.db.orm.Rmt2OrmClientFactory.createOrmClientInstance(Rmt2OrmClientFactory.java:48)
	at com.api.persistence.db.orm.Rmt2OrmClientFactory.createOrmClientInstance(Rmt2OrmClientFactory.java:30)
	at testcases.persistence.OrmSingleDatabaseTest.setUp(OrmSingleDatabaseTest.java:35)
	at sun.reflect.NativeMethodAccessorImpl.invoke0(Native Method)
	at sun.reflect.NativeMethodAccessorImpl.invoke(NativeMethodAccessorImpl.java:57)
	at sun.reflect.DelegatingMethodAccessorImpl.invoke(DelegatingMethodAccessorImpl.java:43)
	at java.lang.reflect.Method.invoke(Method.java:606)
	at org.junit.runners.model.FrameworkMethod$1.runReflectiveCall(FrameworkMethod.java:50)
	at org.junit.internal.runners.model.ReflectiveCallable.run(ReflectiveCallable.java:12)
	at org.junit.runners.model.FrameworkMethod.invokeExplosively(FrameworkMethod.java:47)
	at org.junit.internal.runners.statements.RunBefores.evaluate(RunBefores.java:24)
	at org.junit.internal.runners.statements.RunAfters.evaluate(RunAfters.java:27)
	at org.junit.runners.ParentRunner.runLeaf(ParentRunner.java:325)
	at org.junit.runners.BlockJUnit4ClassRunner.runChild(BlockJUnit4ClassRunner.java:78)
	at org.junit.runners.BlockJUnit4ClassRunner.runChild(BlockJUnit4ClassRunner.java:57)
	at org.junit.runners.ParentRunner$3.run(ParentRunner.java:290)
	at org.junit.runners.ParentRunner$1.schedule(ParentRunner.java:71)
	at org.junit.runners.ParentRunner.runChildren(ParentRunner.java:288)
	at org.junit.runners.ParentRunner.access$000(ParentRunner.java:58)
	at org.junit.runners.ParentRunner$2.evaluate(ParentRunner.java:268)
	at org.junit.runners.ParentRunner.run(ParentRunner.java:363)
	at org.apache.maven.surefire.junit4.JUnit4Provider.execute(JUnit4Provider.java:252)
	at org.apache.maven.surefire.junit4.JUnit4Provider.executeTestSet(JUnit4Provider.java:141)
	at org.apache.maven.surefire.junit4.JUnit4Provider.invoke(JUnit4Provider.java:112)
	at sun.reflect.NativeMethodAccessorImpl.invoke0(Native Method)
	at sun.reflect.NativeMethodAccessorImpl.invoke(NativeMethodAccessorImpl.java:57)
	at sun.reflect.DelegatingMethodAccessorImpl.invoke(DelegatingMethodAccessorImpl.java:43)
	at java.lang.reflect.Method.invoke(Method.java:606)
	at org.apache.maven.surefire.util.ReflectionUtils.invokeMethodWithArray(ReflectionUtils.java:189)
	at org.apache.maven.surefire.booter.ProviderFactory$ProviderProxy.invoke(ProviderFactory.java:165)
	at org.apache.maven.surefire.booter.ProviderFactory.invokeProvider(ProviderFactory.java:85)
	at org.apache.maven.surefire.booter.ForkedBooter.runSuitesInProcess(ForkedBooter.java:115)
	at org.apache.maven.surefire.booter.ForkedBooter.main(ForkedBooter.java:75)
Caused by: java.lang.ClassNotFoundException: com.sybase.jdbc3.jdbc.SybDriver
	at java.net.URLClassLoader$1.run(URLClassLoader.java:366)
	at java.net.URLClassLoader$1.run(URLClassLoader.java:355)
	at java.security.AccessController.doPrivileged(Native Method)
	at java.net.URLClassLoader.findClass(URLClassLoader.java:354)
	at java.lang.ClassLoader.loadClass(ClassLoader.java:425)
	at sun.misc.Launcher$AppClassLoader.loadClass(Launcher.java:308)
	at java.lang.ClassLoader.loadClass(ClassLoader.java:358)
	at java.lang.Class.forName0(Native Method)
	at java.lang.Class.forName(Class.java:190)
	at com.api.persistence.db.PropertiesConnectionProviderImpl.start(PropertiesConnectionProviderImpl.java:221)
	... 36 more
</error>
    <system-out>WARN   22/12/2016 20:54:30  RMT2File [getFileInputStreamFromAppContext]  line 1735  =&gt; A failed attempt was made to obtain a URL reference of the input file name on the standalone context of the application due to a general I/O error occurred: C:\ProjectServer\RMT2_Fw_Suite\fw_parent\fw_core\TestSystemParms (The system cannot find the file specified)
 WARN   22/12/2016 20:54:30  RMT2File [getFileInputStreamFromContextClassloader]  line 1646  =&gt; A failed attempt was made to obtain a URL reference of the input file name on the web context of the application due to a general I/O error occurred: C:\ProjectServer\RMT2_Fw_Suite\fw_parent\fw_core\TestSystemParms (The system cannot find the file specified)
 INFO   22/12/2016 20:54:30  com.api.persistence.db.DatabaseConnectionFactory [&lt;init&gt;]  line 59  =&gt; com.api.persistence.db.DatabaseConnectionFactory is initialized
 INFO   22/12/2016 20:54:30  com.api.persistence.db.DatabaseConnectionFactory [getEnvConnectionProviderApi]  line 106  =&gt; The selected database connectin provider implementation is, dev.DbConnectionProviderClass
 INFO   22/12/2016 20:54:30  com.api.persistence.db.AbstractConnectionProviderImpl [init]  line 61  =&gt; com.api.persistence.db.AbstractConnectionProviderImpl is initialized
 INFO   22/12/2016 20:54:30  com.api.persistence.db.AbstractConnectionProviderImpl [getEnvDbResourceName]  line 85  =&gt; The selected DB ORM Resource Name Key is, dev.DbResourceName
 </system-out>
  </testcase>
  <testcase time="0.006" classname="testcases.persistence.OrmSingleDatabaseTest" name="testFetch">
    <error type="java.lang.NullPointerException">java.lang.NullPointerException
	at testcases.persistence.OrmSingleDatabaseTest.tearDown(OrmSingleDatabaseTest.java:43)
	at sun.reflect.NativeMethodAccessorImpl.invoke0(Native Method)
	at sun.reflect.NativeMethodAccessorImpl.invoke(NativeMethodAccessorImpl.java:57)
	at sun.reflect.DelegatingMethodAccessorImpl.invoke(DelegatingMethodAccessorImpl.java:43)
	at java.lang.reflect.Method.invoke(Method.java:606)
	at org.junit.runners.model.FrameworkMethod$1.runReflectiveCall(FrameworkMethod.java:50)
	at org.junit.internal.runners.model.ReflectiveCallable.run(ReflectiveCallable.java:12)
	at org.junit.runners.model.FrameworkMethod.invokeExplosively(FrameworkMethod.java:47)
	at org.junit.internal.runners.statements.RunAfters.evaluate(RunAfters.java:33)
	at org.junit.runners.ParentRunner.runLeaf(ParentRunner.java:325)
	at org.junit.runners.BlockJUnit4ClassRunner.runChild(BlockJUnit4ClassRunner.java:78)
	at org.junit.runners.BlockJUnit4ClassRunner.runChild(BlockJUnit4ClassRunner.java:57)
	at org.junit.runners.ParentRunner$3.run(ParentRunner.java:290)
	at org.junit.runners.ParentRunner$1.schedule(ParentRunner.java:71)
	at org.junit.runners.ParentRunner.runChildren(ParentRunner.java:288)
	at org.junit.runners.ParentRunner.access$000(ParentRunner.java:58)
	at org.junit.runners.ParentRunner$2.evaluate(ParentRunner.java:268)
	at org.junit.runners.ParentRunner.run(ParentRunner.java:363)
	at org.apache.maven.surefire.junit4.JUnit4Provider.execute(JUnit4Provider.java:252)
	at org.apache.maven.surefire.junit4.JUnit4Provider.executeTestSet(JUnit4Provider.java:141)
	at org.apache.maven.surefire.junit4.JUnit4Provider.invoke(JUnit4Provider.java:112)
	at sun.reflect.NativeMethodAccessorImpl.invoke0(Native Method)
	at sun.reflect.NativeMethodAccessorImpl.invoke(NativeMethodAccessorImpl.java:57)
	at sun.reflect.DelegatingMethodAccessorImpl.invoke(DelegatingMethodAccessorImpl.java:43)
	at java.lang.reflect.Method.invoke(Method.java:606)
	at org.apache.maven.surefire.util.ReflectionUtils.invokeMethodWithArray(ReflectionUtils.java:189)
	at org.apache.maven.surefire.booter.ProviderFactory$ProviderProxy.invoke(ProviderFactory.java:165)
	at org.apache.maven.surefire.booter.ProviderFactory.invokeProvider(ProviderFactory.java:85)
	at org.apache.maven.surefire.booter.ForkedBooter.runSuitesInProcess(ForkedBooter.java:115)
	at org.apache.maven.surefire.booter.ForkedBooter.main(ForkedBooter.java:75)
</error>
  </testcase>
  <testcase time="0.01" classname="testcases.persistence.OrmSingleDatabaseTest" name="testRollback">
    <error message="Unable to create database connection due to the database driver class was not found in classpath" type="com.api.persistence.DatabaseException">com.api.persistence.DatabaseException: Unable to create database connection due to the database driver class was not found in classpath
	at com.api.persistence.db.PropertiesConnectionProviderImpl.start(PropertiesConnectionProviderImpl.java:225)
	at com.api.persistence.db.PropertiesConnectionProviderImpl.getConnection(PropertiesConnectionProviderImpl.java:117)
	at com.api.persistence.db.PropertiesConnectionProviderImpl.getConnection(PropertiesConnectionProviderImpl.java:1)
	at com.api.persistence.db.DatabaseConnectionFactory.getProviderConnection(DatabaseConnectionFactory.java:221)
	at com.api.persistence.db.orm.Rmt2OrmClientFactory.createOrmClientInstance(Rmt2OrmClientFactory.java:48)
	at com.api.persistence.db.orm.Rmt2OrmClientFactory.createOrmClientInstance(Rmt2OrmClientFactory.java:30)
	at testcases.persistence.OrmSingleDatabaseTest.setUp(OrmSingleDatabaseTest.java:35)
	at sun.reflect.NativeMethodAccessorImpl.invoke0(Native Method)
	at sun.reflect.NativeMethodAccessorImpl.invoke(NativeMethodAccessorImpl.java:57)
	at sun.reflect.DelegatingMethodAccessorImpl.invoke(DelegatingMethodAccessorImpl.java:43)
	at java.lang.reflect.Method.invoke(Method.java:606)
	at org.junit.runners.model.FrameworkMethod$1.runReflectiveCall(FrameworkMethod.java:50)
	at org.junit.internal.runners.model.ReflectiveCallable.run(ReflectiveCallable.java:12)
	at org.junit.runners.model.FrameworkMethod.invokeExplosively(FrameworkMethod.java:47)
	at org.junit.internal.runners.statements.RunBefores.evaluate(RunBefores.java:24)
	at org.junit.internal.runners.statements.RunAfters.evaluate(RunAfters.java:27)
	at org.junit.runners.ParentRunner.runLeaf(ParentRunner.java:325)
	at org.junit.runners.BlockJUnit4ClassRunner.runChild(BlockJUnit4ClassRunner.java:78)
	at org.junit.runners.BlockJUnit4ClassRunner.runChild(BlockJUnit4ClassRunner.java:57)
	at org.junit.runners.ParentRunner$3.run(ParentRunner.java:290)
	at org.junit.runners.ParentRunner$1.schedule(ParentRunner.java:71)
	at org.junit.runners.ParentRunner.runChildren(ParentRunner.java:288)
	at org.junit.runners.ParentRunner.access$000(ParentRunner.java:58)
	at org.junit.runners.ParentRunner$2.evaluate(ParentRunner.java:268)
	at org.junit.runners.ParentRunner.run(ParentRunner.java:363)
	at org.apache.maven.surefire.junit4.JUnit4Provider.execute(JUnit4Provider.java:252)
	at org.apache.maven.surefire.junit4.JUnit4Provider.executeTestSet(JUnit4Provider.java:141)
	at org.apache.maven.surefire.junit4.JUnit4Provider.invoke(JUnit4Provider.java:112)
	at sun.reflect.NativeMethodAccessorImpl.invoke0(Native Method)
	at sun.reflect.NativeMethodAccessorImpl.invoke(NativeMethodAccessorImpl.java:57)
	at sun.reflect.DelegatingMethodAccessorImpl.invoke(DelegatingMethodAccessorImpl.java:43)
	at java.lang.reflect.Method.invoke(Method.java:606)
	at org.apache.maven.surefire.util.ReflectionUtils.invokeMethodWithArray(ReflectionUtils.java:189)
	at org.apache.maven.surefire.booter.ProviderFactory$ProviderProxy.invoke(ProviderFactory.java:165)
	at org.apache.maven.surefire.booter.ProviderFactory.invokeProvider(ProviderFactory.java:85)
	at org.apache.maven.surefire.booter.ForkedBooter.runSuitesInProcess(ForkedBooter.java:115)
	at org.apache.maven.surefire.booter.ForkedBooter.main(ForkedBooter.java:75)
Caused by: java.lang.ClassNotFoundException: com.sybase.jdbc3.jdbc.SybDriver
	at java.net.URLClassLoader$1.run(URLClassLoader.java:366)
	at java.net.URLClassLoader$1.run(URLClassLoader.java:355)
	at java.security.AccessController.doPrivileged(Native Method)
	at java.net.URLClassLoader.findClass(URLClassLoader.java:354)
	at java.lang.ClassLoader.loadClass(ClassLoader.java:425)
	at sun.misc.Launcher$AppClassLoader.loadClass(Launcher.java:308)
	at java.lang.ClassLoader.loadClass(ClassLoader.java:358)
	at java.lang.Class.forName0(Native Method)
	at java.lang.Class.forName(Class.java:190)
	at com.api.persistence.db.PropertiesConnectionProviderImpl.start(PropertiesConnectionProviderImpl.java:221)
	... 36 more
</error>
    <system-out>WARN   22/12/2016 20:54:30  RMT2File [getFileInputStreamFromAppContext]  line 1735  =&gt; A failed attempt was made to obtain a URL reference of the input file name on the standalone context of the application due to a general I/O error occurred: C:\ProjectServer\RMT2_Fw_Suite\fw_parent\fw_core\TestSystemParms (The system cannot find the file specified)
 WARN   22/12/2016 20:54:30  RMT2File [getFileInputStreamFromContextClassloader]  line 1646  =&gt; A failed attempt was made to obtain a URL reference of the input file name on the web context of the application due to a general I/O error occurred: C:\ProjectServer\RMT2_Fw_Suite\fw_parent\fw_core\TestSystemParms (The system cannot find the file specified)
 INFO   22/12/2016 20:54:30  com.api.persistence.db.DatabaseConnectionFactory [&lt;init&gt;]  line 59  =&gt; com.api.persistence.db.DatabaseConnectionFactory is initialized
 INFO   22/12/2016 20:54:30  com.api.persistence.db.DatabaseConnectionFactory [getEnvConnectionProviderApi]  line 106  =&gt; The selected database connectin provider implementation is, dev.DbConnectionProviderClass
 INFO   22/12/2016 20:54:30  com.api.persistence.db.AbstractConnectionProviderImpl [init]  line 61  =&gt; com.api.persistence.db.AbstractConnectionProviderImpl is initialized
 INFO   22/12/2016 20:54:30  com.api.persistence.db.AbstractConnectionProviderImpl [getEnvDbResourceName]  line 85  =&gt; The selected DB ORM Resource Name Key is, dev.DbResourceName
 </system-out>
  </testcase>
  <testcase time="0.01" classname="testcases.persistence.OrmSingleDatabaseTest" name="testRollback">
    <error type="java.lang.NullPointerException">java.lang.NullPointerException
	at testcases.persistence.OrmSingleDatabaseTest.tearDown(OrmSingleDatabaseTest.java:43)
	at sun.reflect.NativeMethodAccessorImpl.invoke0(Native Method)
	at sun.reflect.NativeMethodAccessorImpl.invoke(NativeMethodAccessorImpl.java:57)
	at sun.reflect.DelegatingMethodAccessorImpl.invoke(DelegatingMethodAccessorImpl.java:43)
	at java.lang.reflect.Method.invoke(Method.java:606)
	at org.junit.runners.model.FrameworkMethod$1.runReflectiveCall(FrameworkMethod.java:50)
	at org.junit.internal.runners.model.ReflectiveCallable.run(ReflectiveCallable.java:12)
	at org.junit.runners.model.FrameworkMethod.invokeExplosively(FrameworkMethod.java:47)
	at org.junit.internal.runners.statements.RunAfters.evaluate(RunAfters.java:33)
	at org.junit.runners.ParentRunner.runLeaf(ParentRunner.java:325)
	at org.junit.runners.BlockJUnit4ClassRunner.runChild(BlockJUnit4ClassRunner.java:78)
	at org.junit.runners.BlockJUnit4ClassRunner.runChild(BlockJUnit4ClassRunner.java:57)
	at org.junit.runners.ParentRunner$3.run(ParentRunner.java:290)
	at org.junit.runners.ParentRunner$1.schedule(ParentRunner.java:71)
	at org.junit.runners.ParentRunner.runChildren(ParentRunner.java:288)
	at org.junit.runners.ParentRunner.access$000(ParentRunner.java:58)
	at org.junit.runners.ParentRunner$2.evaluate(ParentRunner.java:268)
	at org.junit.runners.ParentRunner.run(ParentRunner.java:363)
	at org.apache.maven.surefire.junit4.JUnit4Provider.execute(JUnit4Provider.java:252)
	at org.apache.maven.surefire.junit4.JUnit4Provider.executeTestSet(JUnit4Provider.java:141)
	at org.apache.maven.surefire.junit4.JUnit4Provider.invoke(JUnit4Provider.java:112)
	at sun.reflect.NativeMethodAccessorImpl.invoke0(Native Method)
	at sun.reflect.NativeMethodAccessorImpl.invoke(NativeMethodAccessorImpl.java:57)
	at sun.reflect.DelegatingMethodAccessorImpl.invoke(DelegatingMethodAccessorImpl.java:43)
	at java.lang.reflect.Method.invoke(Method.java:606)
	at org.apache.maven.surefire.util.ReflectionUtils.invokeMethodWithArray(ReflectionUtils.java:189)
	at org.apache.maven.surefire.booter.ProviderFactory$ProviderProxy.invoke(ProviderFactory.java:165)
	at org.apache.maven.surefire.booter.ProviderFactory.invokeProvider(ProviderFactory.java:85)
	at org.apache.maven.surefire.booter.ForkedBooter.runSuitesInProcess(ForkedBooter.java:115)
	at org.apache.maven.surefire.booter.ForkedBooter.main(ForkedBooter.java:75)
</error>
  </testcase>
  <testcase time="0.007" classname="testcases.persistence.OrmSingleDatabaseTest" name="testDelete">
    <error message="Unable to create database connection due to the database driver class was not found in classpath" type="com.api.persistence.DatabaseException">com.api.persistence.DatabaseException: Unable to create database connection due to the database driver class was not found in classpath
	at com.api.persistence.db.PropertiesConnectionProviderImpl.start(PropertiesConnectionProviderImpl.java:225)
	at com.api.persistence.db.PropertiesConnectionProviderImpl.getConnection(PropertiesConnectionProviderImpl.java:117)
	at com.api.persistence.db.PropertiesConnectionProviderImpl.getConnection(PropertiesConnectionProviderImpl.java:1)
	at com.api.persistence.db.DatabaseConnectionFactory.getProviderConnection(DatabaseConnectionFactory.java:221)
	at com.api.persistence.db.orm.Rmt2OrmClientFactory.createOrmClientInstance(Rmt2OrmClientFactory.java:48)
	at com.api.persistence.db.orm.Rmt2OrmClientFactory.createOrmClientInstance(Rmt2OrmClientFactory.java:30)
	at testcases.persistence.OrmSingleDatabaseTest.setUp(OrmSingleDatabaseTest.java:35)
	at sun.reflect.NativeMethodAccessorImpl.invoke0(Native Method)
	at sun.reflect.NativeMethodAccessorImpl.invoke(NativeMethodAccessorImpl.java:57)
	at sun.reflect.DelegatingMethodAccessorImpl.invoke(DelegatingMethodAccessorImpl.java:43)
	at java.lang.reflect.Method.invoke(Method.java:606)
	at org.junit.runners.model.FrameworkMethod$1.runReflectiveCall(FrameworkMethod.java:50)
	at org.junit.internal.runners.model.ReflectiveCallable.run(ReflectiveCallable.java:12)
	at org.junit.runners.model.FrameworkMethod.invokeExplosively(FrameworkMethod.java:47)
	at org.junit.internal.runners.statements.RunBefores.evaluate(RunBefores.java:24)
	at org.junit.internal.runners.statements.RunAfters.evaluate(RunAfters.java:27)
	at org.junit.runners.ParentRunner.runLeaf(ParentRunner.java:325)
	at org.junit.runners.BlockJUnit4ClassRunner.runChild(BlockJUnit4ClassRunner.java:78)
	at org.junit.runners.BlockJUnit4ClassRunner.runChild(BlockJUnit4ClassRunner.java:57)
	at org.junit.runners.ParentRunner$3.run(ParentRunner.java:290)
	at org.junit.runners.ParentRunner$1.schedule(ParentRunner.java:71)
	at org.junit.runners.ParentRunner.runChildren(ParentRunner.java:288)
	at org.junit.runners.ParentRunner.access$000(ParentRunner.java:58)
	at org.junit.runners.ParentRunner$2.evaluate(ParentRunner.java:268)
	at org.junit.runners.ParentRunner.run(ParentRunner.java:363)
	at org.apache.maven.surefire.junit4.JUnit4Provider.execute(JUnit4Provider.java:252)
	at org.apache.maven.surefire.junit4.JUnit4Provider.executeTestSet(JUnit4Provider.java:141)
	at org.apache.maven.surefire.junit4.JUnit4Provider.invoke(JUnit4Provider.java:112)
	at sun.reflect.NativeMethodAccessorImpl.invoke0(Native Method)
	at sun.reflect.NativeMethodAccessorImpl.invoke(NativeMethodAccessorImpl.java:57)
	at sun.reflect.DelegatingMethodAccessorImpl.invoke(DelegatingMethodAccessorImpl.java:43)
	at java.lang.reflect.Method.invoke(Method.java:606)
	at org.apache.maven.surefire.util.ReflectionUtils.invokeMethodWithArray(ReflectionUtils.java:189)
	at org.apache.maven.surefire.booter.ProviderFactory$ProviderProxy.invoke(ProviderFactory.java:165)
	at org.apache.maven.surefire.booter.ProviderFactory.invokeProvider(ProviderFactory.java:85)
	at org.apache.maven.surefire.booter.ForkedBooter.runSuitesInProcess(ForkedBooter.java:115)
	at org.apache.maven.surefire.booter.ForkedBooter.main(ForkedBooter.java:75)
Caused by: java.lang.ClassNotFoundException: com.sybase.jdbc3.jdbc.SybDriver
	at java.net.URLClassLoader$1.run(URLClassLoader.java:366)
	at java.net.URLClassLoader$1.run(URLClassLoader.java:355)
	at java.security.AccessController.doPrivileged(Native Method)
	at java.net.URLClassLoader.findClass(URLClassLoader.java:354)
	at java.lang.ClassLoader.loadClass(ClassLoader.java:425)
	at sun.misc.Launcher$AppClassLoader.loadClass(Launcher.java:308)
	at java.lang.ClassLoader.loadClass(ClassLoader.java:358)
	at java.lang.Class.forName0(Native Method)
	at java.lang.Class.forName(Class.java:190)
	at com.api.persistence.db.PropertiesConnectionProviderImpl.start(PropertiesConnectionProviderImpl.java:221)
	... 36 more
</error>
    <system-out>WARN   22/12/2016 20:54:30  RMT2File [getFileInputStreamFromAppContext]  line 1735  =&gt; A failed attempt was made to obtain a URL reference of the input file name on the standalone context of the application due to a general I/O error occurred: C:\ProjectServer\RMT2_Fw_Suite\fw_parent\fw_core\TestSystemParms (The system cannot find the file specified)
 WARN   22/12/2016 20:54:30  RMT2File [getFileInputStreamFromContextClassloader]  line 1646  =&gt; A failed attempt was made to obtain a URL reference of the input file name on the web context of the application due to a general I/O error occurred: C:\ProjectServer\RMT2_Fw_Suite\fw_parent\fw_core\TestSystemParms (The system cannot find the file specified)
 INFO   22/12/2016 20:54:30  com.api.persistence.db.DatabaseConnectionFactory [&lt;init&gt;]  line 59  =&gt; com.api.persistence.db.DatabaseConnectionFactory is initialized
 INFO   22/12/2016 20:54:30  com.api.persistence.db.DatabaseConnectionFactory [getEnvConnectionProviderApi]  line 106  =&gt; The selected database connectin provider implementation is, dev.DbConnectionProviderClass
 INFO   22/12/2016 20:54:30  com.api.persistence.db.AbstractConnectionProviderImpl [init]  line 61  =&gt; com.api.persistence.db.AbstractConnectionProviderImpl is initialized
 INFO   22/12/2016 20:54:30  com.api.persistence.db.AbstractConnectionProviderImpl [getEnvDbResourceName]  line 85  =&gt; The selected DB ORM Resource Name Key is, dev.DbResourceName
 </system-out>
  </testcase>
  <testcase time="0.007" classname="testcases.persistence.OrmSingleDatabaseTest" name="testDelete">
    <error type="java.lang.NullPointerException">java.lang.NullPointerException
	at testcases.persistence.OrmSingleDatabaseTest.tearDown(OrmSingleDatabaseTest.java:43)
	at sun.reflect.NativeMethodAccessorImpl.invoke0(Native Method)
	at sun.reflect.NativeMethodAccessorImpl.invoke(NativeMethodAccessorImpl.java:57)
	at sun.reflect.DelegatingMethodAccessorImpl.invoke(DelegatingMethodAccessorImpl.java:43)
	at java.lang.reflect.Method.invoke(Method.java:606)
	at org.junit.runners.model.FrameworkMethod$1.runReflectiveCall(FrameworkMethod.java:50)
	at org.junit.internal.runners.model.ReflectiveCallable.run(ReflectiveCallable.java:12)
	at org.junit.runners.model.FrameworkMethod.invokeExplosively(FrameworkMethod.java:47)
	at org.junit.internal.runners.statements.RunAfters.evaluate(RunAfters.java:33)
	at org.junit.runners.ParentRunner.runLeaf(ParentRunner.java:325)
	at org.junit.runners.BlockJUnit4ClassRunner.runChild(BlockJUnit4ClassRunner.java:78)
	at org.junit.runners.BlockJUnit4ClassRunner.runChild(BlockJUnit4ClassRunner.java:57)
	at org.junit.runners.ParentRunner$3.run(ParentRunner.java:290)
	at org.junit.runners.ParentRunner$1.schedule(ParentRunner.java:71)
	at org.junit.runners.ParentRunner.runChildren(ParentRunner.java:288)
	at org.junit.runners.ParentRunner.access$000(ParentRunner.java:58)
	at org.junit.runners.ParentRunner$2.evaluate(ParentRunner.java:268)
	at org.junit.runners.ParentRunner.run(ParentRunner.java:363)
	at org.apache.maven.surefire.junit4.JUnit4Provider.execute(JUnit4Provider.java:252)
	at org.apache.maven.surefire.junit4.JUnit4Provider.executeTestSet(JUnit4Provider.java:141)
	at org.apache.maven.surefire.junit4.JUnit4Provider.invoke(JUnit4Provider.java:112)
	at sun.reflect.NativeMethodAccessorImpl.invoke0(Native Method)
	at sun.reflect.NativeMethodAccessorImpl.invoke(NativeMethodAccessorImpl.java:57)
	at sun.reflect.DelegatingMethodAccessorImpl.invoke(DelegatingMethodAccessorImpl.java:43)
	at java.lang.reflect.Method.invoke(Method.java:606)
	at org.apache.maven.surefire.util.ReflectionUtils.invokeMethodWithArray(ReflectionUtils.java:189)
	at org.apache.maven.surefire.booter.ProviderFactory$ProviderProxy.invoke(ProviderFactory.java:165)
	at org.apache.maven.surefire.booter.ProviderFactory.invokeProvider(ProviderFactory.java:85)
	at org.apache.maven.surefire.booter.ForkedBooter.runSuitesInProcess(ForkedBooter.java:115)
	at org.apache.maven.surefire.booter.ForkedBooter.main(ForkedBooter.java:75)
</error>
  </testcase>
  <testcase time="0.008" classname="testcases.persistence.OrmSingleDatabaseTest" name="testInsert">
    <error message="Unable to create database connection due to the database driver class was not found in classpath" type="com.api.persistence.DatabaseException">com.api.persistence.DatabaseException: Unable to create database connection due to the database driver class was not found in classpath
	at com.api.persistence.db.PropertiesConnectionProviderImpl.start(PropertiesConnectionProviderImpl.java:225)
	at com.api.persistence.db.PropertiesConnectionProviderImpl.getConnection(PropertiesConnectionProviderImpl.java:117)
	at com.api.persistence.db.PropertiesConnectionProviderImpl.getConnection(PropertiesConnectionProviderImpl.java:1)
	at com.api.persistence.db.DatabaseConnectionFactory.getProviderConnection(DatabaseConnectionFactory.java:221)
	at com.api.persistence.db.orm.Rmt2OrmClientFactory.createOrmClientInstance(Rmt2OrmClientFactory.java:48)
	at com.api.persistence.db.orm.Rmt2OrmClientFactory.createOrmClientInstance(Rmt2OrmClientFactory.java:30)
	at testcases.persistence.OrmSingleDatabaseTest.setUp(OrmSingleDatabaseTest.java:35)
	at sun.reflect.NativeMethodAccessorImpl.invoke0(Native Method)
	at sun.reflect.NativeMethodAccessorImpl.invoke(NativeMethodAccessorImpl.java:57)
	at sun.reflect.DelegatingMethodAccessorImpl.invoke(DelegatingMethodAccessorImpl.java:43)
	at java.lang.reflect.Method.invoke(Method.java:606)
	at org.junit.runners.model.FrameworkMethod$1.runReflectiveCall(FrameworkMethod.java:50)
	at org.junit.internal.runners.model.ReflectiveCallable.run(ReflectiveCallable.java:12)
	at org.junit.runners.model.FrameworkMethod.invokeExplosively(FrameworkMethod.java:47)
	at org.junit.internal.runners.statements.RunBefores.evaluate(RunBefores.java:24)
	at org.junit.internal.runners.statements.RunAfters.evaluate(RunAfters.java:27)
	at org.junit.runners.ParentRunner.runLeaf(ParentRunner.java:325)
	at org.junit.runners.BlockJUnit4ClassRunner.runChild(BlockJUnit4ClassRunner.java:78)
	at org.junit.runners.BlockJUnit4ClassRunner.runChild(BlockJUnit4ClassRunner.java:57)
	at org.junit.runners.ParentRunner$3.run(ParentRunner.java:290)
	at org.junit.runners.ParentRunner$1.schedule(ParentRunner.java:71)
	at org.junit.runners.ParentRunner.runChildren(ParentRunner.java:288)
	at org.junit.runners.ParentRunner.access$000(ParentRunner.java:58)
	at org.junit.runners.ParentRunner$2.evaluate(ParentRunner.java:268)
	at org.junit.runners.ParentRunner.run(ParentRunner.java:363)
	at org.apache.maven.surefire.junit4.JUnit4Provider.execute(JUnit4Provider.java:252)
	at org.apache.maven.surefire.junit4.JUnit4Provider.executeTestSet(JUnit4Provider.java:141)
	at org.apache.maven.surefire.junit4.JUnit4Provider.invoke(JUnit4Provider.java:112)
	at sun.reflect.NativeMethodAccessorImpl.invoke0(Native Method)
	at sun.reflect.NativeMethodAccessorImpl.invoke(NativeMethodAccessorImpl.java:57)
	at sun.reflect.DelegatingMethodAccessorImpl.invoke(DelegatingMethodAccessorImpl.java:43)
	at java.lang.reflect.Method.invoke(Method.java:606)
	at org.apache.maven.surefire.util.ReflectionUtils.invokeMethodWithArray(ReflectionUtils.java:189)
	at org.apache.maven.surefire.booter.ProviderFactory$ProviderProxy.invoke(ProviderFactory.java:165)
	at org.apache.maven.surefire.booter.ProviderFactory.invokeProvider(ProviderFactory.java:85)
	at org.apache.maven.surefire.booter.ForkedBooter.runSuitesInProcess(ForkedBooter.java:115)
	at org.apache.maven.surefire.booter.ForkedBooter.main(ForkedBooter.java:75)
Caused by: java.lang.ClassNotFoundException: com.sybase.jdbc3.jdbc.SybDriver
	at java.net.URLClassLoader$1.run(URLClassLoader.java:366)
	at java.net.URLClassLoader$1.run(URLClassLoader.java:355)
	at java.security.AccessController.doPrivileged(Native Method)
	at java.net.URLClassLoader.findClass(URLClassLoader.java:354)
	at java.lang.ClassLoader.loadClass(ClassLoader.java:425)
	at sun.misc.Launcher$AppClassLoader.loadClass(Launcher.java:308)
	at java.lang.ClassLoader.loadClass(ClassLoader.java:358)
	at java.lang.Class.forName0(Native Method)
	at java.lang.Class.forName(Class.java:190)
	at com.api.persistence.db.PropertiesConnectionProviderImpl.start(PropertiesConnectionProviderImpl.java:221)
	... 36 more
</error>
    <system-out>WARN   22/12/2016 20:54:30  RMT2File [getFileInputStreamFromAppContext]  line 1735  =&gt; A failed attempt was made to obtain a URL reference of the input file name on the standalone context of the application due to a general I/O error occurred: C:\ProjectServer\RMT2_Fw_Suite\fw_parent\fw_core\TestSystemParms (The system cannot find the file specified)
 WARN   22/12/2016 20:54:30  RMT2File [getFileInputStreamFromContextClassloader]  line 1646  =&gt; A failed attempt was made to obtain a URL reference of the input file name on the web context of the application due to a general I/O error occurred: C:\ProjectServer\RMT2_Fw_Suite\fw_parent\fw_core\TestSystemParms (The system cannot find the file specified)
 INFO   22/12/2016 20:54:30  com.api.persistence.db.DatabaseConnectionFactory [&lt;init&gt;]  line 59  =&gt; com.api.persistence.db.DatabaseConnectionFactory is initialized
 INFO   22/12/2016 20:54:30  com.api.persistence.db.DatabaseConnectionFactory [getEnvConnectionProviderApi]  line 106  =&gt; The selected database connectin provider implementation is, dev.DbConnectionProviderClass
 INFO   22/12/2016 20:54:30  com.api.persistence.db.AbstractConnectionProviderImpl [init]  line 61  =&gt; com.api.persistence.db.AbstractConnectionProviderImpl is initialized
 INFO   22/12/2016 20:54:30  com.api.persistence.db.AbstractConnectionProviderImpl [getEnvDbResourceName]  line 85  =&gt; The selected DB ORM Resource Name Key is, dev.DbResourceName
 </system-out>
  </testcase>
  <testcase time="0.008" classname="testcases.persistence.OrmSingleDatabaseTest" name="testInsert">
    <error type="java.lang.NullPointerException">java.lang.NullPointerException
	at testcases.persistence.OrmSingleDatabaseTest.tearDown(OrmSingleDatabaseTest.java:43)
	at sun.reflect.NativeMethodAccessorImpl.invoke0(Native Method)
	at sun.reflect.NativeMethodAccessorImpl.invoke(NativeMethodAccessorImpl.java:57)
	at sun.reflect.DelegatingMethodAccessorImpl.invoke(DelegatingMethodAccessorImpl.java:43)
	at java.lang.reflect.Method.invoke(Method.java:606)
	at org.junit.runners.model.FrameworkMethod$1.runReflectiveCall(FrameworkMethod.java:50)
	at org.junit.internal.runners.model.ReflectiveCallable.run(ReflectiveCallable.java:12)
	at org.junit.runners.model.FrameworkMethod.invokeExplosively(FrameworkMethod.java:47)
	at org.junit.internal.runners.statements.RunAfters.evaluate(RunAfters.java:33)
	at org.junit.runners.ParentRunner.runLeaf(ParentRunner.java:325)
	at org.junit.runners.BlockJUnit4ClassRunner.runChild(BlockJUnit4ClassRunner.java:78)
	at org.junit.runners.BlockJUnit4ClassRunner.runChild(BlockJUnit4ClassRunner.java:57)
	at org.junit.runners.ParentRunner$3.run(ParentRunner.java:290)
	at org.junit.runners.ParentRunner$1.schedule(ParentRunner.java:71)
	at org.junit.runners.ParentRunner.runChildren(ParentRunner.java:288)
	at org.junit.runners.ParentRunner.access$000(ParentRunner.java:58)
	at org.junit.runners.ParentRunner$2.evaluate(ParentRunner.java:268)
	at org.junit.runners.ParentRunner.run(ParentRunner.java:363)
	at org.apache.maven.surefire.junit4.JUnit4Provider.execute(JUnit4Provider.java:252)
	at org.apache.maven.surefire.junit4.JUnit4Provider.executeTestSet(JUnit4Provider.java:141)
	at org.apache.maven.surefire.junit4.JUnit4Provider.invoke(JUnit4Provider.java:112)
	at sun.reflect.NativeMethodAccessorImpl.invoke0(Native Method)
	at sun.reflect.NativeMethodAccessorImpl.invoke(NativeMethodAccessorImpl.java:57)
	at sun.reflect.DelegatingMethodAccessorImpl.invoke(DelegatingMethodAccessorImpl.java:43)
	at java.lang.reflect.Method.invoke(Method.java:606)
	at org.apache.maven.surefire.util.ReflectionUtils.invokeMethodWithArray(ReflectionUtils.java:189)
	at org.apache.maven.surefire.booter.ProviderFactory$ProviderProxy.invoke(ProviderFactory.java:165)
	at org.apache.maven.surefire.booter.ProviderFactory.invokeProvider(ProviderFactory.java:85)
	at org.apache.maven.surefire.booter.ForkedBooter.runSuitesInProcess(ForkedBooter.java:115)
	at org.apache.maven.surefire.booter.ForkedBooter.main(ForkedBooter.java:75)
</error>
  </testcase>
  <testcase time="0.006" classname="testcases.persistence.OrmSingleDatabaseTest" name="testUpdate">
    <error message="Unable to create database connection due to the database driver class was not found in classpath" type="com.api.persistence.DatabaseException">com.api.persistence.DatabaseException: Unable to create database connection due to the database driver class was not found in classpath
	at com.api.persistence.db.PropertiesConnectionProviderImpl.start(PropertiesConnectionProviderImpl.java:225)
	at com.api.persistence.db.PropertiesConnectionProviderImpl.getConnection(PropertiesConnectionProviderImpl.java:117)
	at com.api.persistence.db.PropertiesConnectionProviderImpl.getConnection(PropertiesConnectionProviderImpl.java:1)
	at com.api.persistence.db.DatabaseConnectionFactory.getProviderConnection(DatabaseConnectionFactory.java:221)
	at com.api.persistence.db.orm.Rmt2OrmClientFactory.createOrmClientInstance(Rmt2OrmClientFactory.java:48)
	at com.api.persistence.db.orm.Rmt2OrmClientFactory.createOrmClientInstance(Rmt2OrmClientFactory.java:30)
	at testcases.persistence.OrmSingleDatabaseTest.setUp(OrmSingleDatabaseTest.java:35)
	at sun.reflect.NativeMethodAccessorImpl.invoke0(Native Method)
	at sun.reflect.NativeMethodAccessorImpl.invoke(NativeMethodAccessorImpl.java:57)
	at sun.reflect.DelegatingMethodAccessorImpl.invoke(DelegatingMethodAccessorImpl.java:43)
	at java.lang.reflect.Method.invoke(Method.java:606)
	at org.junit.runners.model.FrameworkMethod$1.runReflectiveCall(FrameworkMethod.java:50)
	at org.junit.internal.runners.model.ReflectiveCallable.run(ReflectiveCallable.java:12)
	at org.junit.runners.model.FrameworkMethod.invokeExplosively(FrameworkMethod.java:47)
	at org.junit.internal.runners.statements.RunBefores.evaluate(RunBefores.java:24)
	at org.junit.internal.runners.statements.RunAfters.evaluate(RunAfters.java:27)
	at org.junit.runners.ParentRunner.runLeaf(ParentRunner.java:325)
	at org.junit.runners.BlockJUnit4ClassRunner.runChild(BlockJUnit4ClassRunner.java:78)
	at org.junit.runners.BlockJUnit4ClassRunner.runChild(BlockJUnit4ClassRunner.java:57)
	at org.junit.runners.ParentRunner$3.run(ParentRunner.java:290)
	at org.junit.runners.ParentRunner$1.schedule(ParentRunner.java:71)
	at org.junit.runners.ParentRunner.runChildren(ParentRunner.java:288)
	at org.junit.runners.ParentRunner.access$000(ParentRunner.java:58)
	at org.junit.runners.ParentRunner$2.evaluate(ParentRunner.java:268)
	at org.junit.runners.ParentRunner.run(ParentRunner.java:363)
	at org.apache.maven.surefire.junit4.JUnit4Provider.execute(JUnit4Provider.java:252)
	at org.apache.maven.surefire.junit4.JUnit4Provider.executeTestSet(JUnit4Provider.java:141)
	at org.apache.maven.surefire.junit4.JUnit4Provider.invoke(JUnit4Provider.java:112)
	at sun.reflect.NativeMethodAccessorImpl.invoke0(Native Method)
	at sun.reflect.NativeMethodAccessorImpl.invoke(NativeMethodAccessorImpl.java:57)
	at sun.reflect.DelegatingMethodAccessorImpl.invoke(DelegatingMethodAccessorImpl.java:43)
	at java.lang.reflect.Method.invoke(Method.java:606)
	at org.apache.maven.surefire.util.ReflectionUtils.invokeMethodWithArray(ReflectionUtils.java:189)
	at org.apache.maven.surefire.booter.ProviderFactory$ProviderProxy.invoke(ProviderFactory.java:165)
	at org.apache.maven.surefire.booter.ProviderFactory.invokeProvider(ProviderFactory.java:85)
	at org.apache.maven.surefire.booter.ForkedBooter.runSuitesInProcess(ForkedBooter.java:115)
	at org.apache.maven.surefire.booter.ForkedBooter.main(ForkedBooter.java:75)
Caused by: java.lang.ClassNotFoundException: com.sybase.jdbc3.jdbc.SybDriver
	at java.net.URLClassLoader$1.run(URLClassLoader.java:366)
	at java.net.URLClassLoader$1.run(URLClassLoader.java:355)
	at java.security.AccessController.doPrivileged(Native Method)
	at java.net.URLClassLoader.findClass(URLClassLoader.java:354)
	at java.lang.ClassLoader.loadClass(ClassLoader.java:425)
	at sun.misc.Launcher$AppClassLoader.loadClass(Launcher.java:308)
	at java.lang.ClassLoader.loadClass(ClassLoader.java:358)
	at java.lang.Class.forName0(Native Method)
	at java.lang.Class.forName(Class.java:190)
	at com.api.persistence.db.PropertiesConnectionProviderImpl.start(PropertiesConnectionProviderImpl.java:221)
	... 36 more
</error>
    <system-out>WARN   22/12/2016 20:54:30  RMT2File [getFileInputStreamFromAppContext]  line 1735  =&gt; A failed attempt was made to obtain a URL reference of the input file name on the standalone context of the application due to a general I/O error occurred: C:\ProjectServer\RMT2_Fw_Suite\fw_parent\fw_core\TestSystemParms (The system cannot find the file specified)
 WARN   22/12/2016 20:54:30  RMT2File [getFileInputStreamFromContextClassloader]  line 1646  =&gt; A failed attempt was made to obtain a URL reference of the input file name on the web context of the application due to a general I/O error occurred: C:\ProjectServer\RMT2_Fw_Suite\fw_parent\fw_core\TestSystemParms (The system cannot find the file specified)
 INFO   22/12/2016 20:54:30  com.api.persistence.db.DatabaseConnectionFactory [&lt;init&gt;]  line 59  =&gt; com.api.persistence.db.DatabaseConnectionFactory is initialized
 INFO   22/12/2016 20:54:30  com.api.persistence.db.DatabaseConnectionFactory [getEnvConnectionProviderApi]  line 106  =&gt; The selected database connectin provider implementation is, dev.DbConnectionProviderClass
 INFO   22/12/2016 20:54:30  com.api.persistence.db.AbstractConnectionProviderImpl [init]  line 61  =&gt; com.api.persistence.db.AbstractConnectionProviderImpl is initialized
 INFO   22/12/2016 20:54:30  com.api.persistence.db.AbstractConnectionProviderImpl [getEnvDbResourceName]  line 85  =&gt; The selected DB ORM Resource Name Key is, dev.DbResourceName
 </system-out>
  </testcase>
  <testcase time="0.006" classname="testcases.persistence.OrmSingleDatabaseTest" name="testUpdate">
    <error type="java.lang.NullPointerException">java.lang.NullPointerException
	at testcases.persistence.OrmSingleDatabaseTest.tearDown(OrmSingleDatabaseTest.java:43)
	at sun.reflect.NativeMethodAccessorImpl.invoke0(Native Method)
	at sun.reflect.NativeMethodAccessorImpl.invoke(NativeMethodAccessorImpl.java:57)
	at sun.reflect.DelegatingMethodAccessorImpl.invoke(DelegatingMethodAccessorImpl.java:43)
	at java.lang.reflect.Method.invoke(Method.java:606)
	at org.junit.runners.model.FrameworkMethod$1.runReflectiveCall(FrameworkMethod.java:50)
	at org.junit.internal.runners.model.ReflectiveCallable.run(ReflectiveCallable.java:12)
	at org.junit.runners.model.FrameworkMethod.invokeExplosively(FrameworkMethod.java:47)
	at org.junit.internal.runners.statements.RunAfters.evaluate(RunAfters.java:33)
	at org.junit.runners.ParentRunner.runLeaf(ParentRunner.java:325)
	at org.junit.runners.BlockJUnit4ClassRunner.runChild(BlockJUnit4ClassRunner.java:78)
	at org.junit.runners.BlockJUnit4ClassRunner.runChild(BlockJUnit4ClassRunner.java:57)
	at org.junit.runners.ParentRunner$3.run(ParentRunner.java:290)
	at org.junit.runners.ParentRunner$1.schedule(ParentRunner.java:71)
	at org.junit.runners.ParentRunner.runChildren(ParentRunner.java:288)
	at org.junit.runners.ParentRunner.access$000(ParentRunner.java:58)
	at org.junit.runners.ParentRunner$2.evaluate(ParentRunner.java:268)
	at org.junit.runners.ParentRunner.run(ParentRunner.java:363)
	at org.apache.maven.surefire.junit4.JUnit4Provider.execute(JUnit4Provider.java:252)
	at org.apache.maven.surefire.junit4.JUnit4Provider.executeTestSet(JUnit4Provider.java:141)
	at org.apache.maven.surefire.junit4.JUnit4Provider.invoke(JUnit4Provider.java:112)
	at sun.reflect.NativeMethodAccessorImpl.invoke0(Native Method)
	at sun.reflect.NativeMethodAccessorImpl.invoke(NativeMethodAccessorImpl.java:57)
	at sun.reflect.DelegatingMethodAccessorImpl.invoke(DelegatingMethodAccessorImpl.java:43)
	at java.lang.reflect.Method.invoke(Method.java:606)
	at org.apache.maven.surefire.util.ReflectionUtils.invokeMethodWithArray(ReflectionUtils.java:189)
	at org.apache.maven.surefire.booter.ProviderFactory$ProviderProxy.invoke(ProviderFactory.java:165)
	at org.apache.maven.surefire.booter.ProviderFactory.invokeProvider(ProviderFactory.java:85)
	at org.apache.maven.surefire.booter.ForkedBooter.runSuitesInProcess(ForkedBooter.java:115)
	at org.apache.maven.surefire.booter.ForkedBooter.main(ForkedBooter.java:75)
</error>
  </testcase>
</testsuite>